2021-04-09 17:53:40.886 [restartedMain] INFO  com.soft1851.swl.face.Application - Starting Application on LAPTOP-ONOA2219 with PID 20132 (C:\Users\HP\Desktop\毕业设计\项目\face-recognition-class-api\target\classes started by HP in C:\Users\HP\Desktop\毕业设计\项目\face-recognition-class-api)
2021-04-09 17:53:40.891 [restartedMain] INFO  com.soft1851.swl.face.Application - No active profile set, falling back to default profiles: default
2021-04-09 17:53:41.136 [restartedMain] INFO  o.s.b.d.restart.ChangeableUrls - The Class-Path manifest attribute in D:\tools\maven_jar\com\sun\xml\bind\jaxb-impl\2.1\jaxb-impl-2.1.jar referenced one or more files that do not exist: file:/D:/tools/maven_jar/com/sun/xml/bind/jaxb-impl/2.1/jaxb-api.jar,file:/D:/tools/maven_jar/com/sun/xml/bind/jaxb-impl/2.1/activation.jar,file:/D:/tools/maven_jar/com/sun/xml/bind/jaxb-impl/2.1/jsr173_1.0_api.jar,file:/D:/tools/maven_jar/com/sun/xml/bind/jaxb-impl/2.1/jaxb1-impl.jar
2021-04-09 17:53:41.137 [restartedMain] INFO  o.s.b.d.e.DevToolsPropertyDefaultsPostProcessor - Devtools property defaults active! Set 'spring.devtools.add-properties' to 'false' to disable
2021-04-09 17:53:41.137 [restartedMain] INFO  o.s.b.d.e.DevToolsPropertyDefaultsPostProcessor - For additional web related logging consider setting the 'logging.level.web' property to 'DEBUG'
2021-04-09 17:53:45.458 [restartedMain] INFO  o.s.d.r.c.RepositoryConfigurationDelegate - Multiple Spring Data modules found, entering strict repository configuration mode!
2021-04-09 17:53:45.460 [restartedMain] INFO  o.s.d.r.c.RepositoryConfigurationDelegate - Bootstrapping Spring Data Redis repositories in DEFAULT mode.
2021-04-09 17:53:45.536 [restartedMain] INFO  o.s.d.r.c.RepositoryConfigurationDelegate - Finished Spring Data repository scanning in 30ms. Found 0 Redis repository interfaces.
2021-04-09 17:53:45.896 [restartedMain] WARN  o.m.s.mapper.ClassPathMapperScanner - No MyBatis mapper was found in '[com.soft1851.swl.face]' package. Please check your configuration.
2021-04-09 17:53:46.899 [restartedMain] WARN  o.a.c.core.AprLifecycleListener - The APR based Apache Tomcat Native library failed to load. The error reported was [D:\Program Files\apache-tomcat-9.0.30\bin\tcnative-1.dll: Can't load AMD 64-bit .dll on a IA 32-bit platform]
java.lang.UnsatisfiedLinkError: D:\Program Files\apache-tomcat-9.0.30\bin\tcnative-1.dll: Can't load AMD 64-bit .dll on a IA 32-bit platform
	at java.lang.ClassLoader$NativeLibrary.load(Native Method)
	at java.lang.ClassLoader.loadLibrary0(ClassLoader.java:1937)
	at java.lang.ClassLoader.loadLibrary(ClassLoader.java:1855)
	at java.lang.Runtime.loadLibrary0(Runtime.java:870)
	at java.lang.System.loadLibrary(System.java:1122)
	at org.apache.tomcat.jni.Library.<init>(Library.java:69)
	at org.apache.tomcat.jni.Library.initialize(Library.java:206)
	at org.apache.catalina.core.AprLifecycleListener.init(AprLifecycleListener.java:198)
	at org.apache.catalina.core.AprLifecycleListener.isAprAvailable(AprLifecycleListener.java:107)
	at org.springframework.boot.web.embedded.tomcat.TomcatServletWebServerFactory.getDefaultLifecycleListeners(TomcatServletWebServerFactory.java:168)
	at org.springframework.boot.web.embedded.tomcat.TomcatServletWebServerFactory.<init>(TomcatServletWebServerFactory.java:119)
	at org.springframework.boot.autoconfigure.web.servlet.ServletWebServerFactoryConfiguration$EmbeddedTomcat.tomcatServletWebServerFactory(ServletWebServerFactoryConfiguration.java:75)
	at sun.reflect.NativeMethodAccessorImpl.invoke0(Native Method)
	at sun.reflect.NativeMethodAccessorImpl.invoke(NativeMethodAccessorImpl.java:62)
	at sun.reflect.DelegatingMethodAccessorImpl.invoke(DelegatingMethodAccessorImpl.java:43)
	at java.lang.reflect.Method.invoke(Method.java:497)
	at org.springframework.beans.factory.support.SimpleInstantiationStrategy.instantiate(SimpleInstantiationStrategy.java:154)
	at org.springframework.beans.factory.support.ConstructorResolver.instantiate(ConstructorResolver.java:651)
	at org.springframework.beans.factory.support.ConstructorResolver.instantiateUsingFactoryMethod(ConstructorResolver.java:636)
	at org.springframework.beans.factory.support.AbstractAutowireCapableBeanFactory.instantiateUsingFactoryMethod(AbstractAutowireCapableBeanFactory.java:1338)
	at org.springframework.beans.factory.support.AbstractAutowireCapableBeanFactory.createBeanInstance(AbstractAutowireCapableBeanFactory.java:1177)
	at org.springframework.beans.factory.support.AbstractAutowireCapableBeanFactory.doCreateBean(AbstractAutowireCapableBeanFactory.java:557)
	at org.springframework.beans.factory.support.AbstractAutowireCapableBeanFactory.createBean(AbstractAutowireCapableBeanFactory.java:517)
	at org.springframework.beans.factory.support.AbstractBeanFactory.lambda$doGetBean$0(AbstractBeanFactory.java:323)
	at org.springframework.beans.factory.support.AbstractBeanFactory$$Lambda$158/14387124.getObject(Unknown Source)
	at org.springframework.beans.factory.support.DefaultSingletonBeanRegistry.getSingleton(DefaultSingletonBeanRegistry.java:222)
	at org.springframework.beans.factory.support.AbstractBeanFactory.doGetBean(AbstractBeanFactory.java:321)
	at org.springframework.beans.factory.support.AbstractBeanFactory.getBean(AbstractBeanFactory.java:207)
	at org.springframework.boot.web.servlet.context.ServletWebServerApplicationContext.getWebServerFactory(ServletWebServerApplicationContext.java:210)
	at org.springframework.boot.web.servlet.context.ServletWebServerApplicationContext.createWebServer(ServletWebServerApplicationContext.java:179)
	at org.springframework.boot.web.servlet.context.ServletWebServerApplicationContext.onRefresh(ServletWebServerApplicationContext.java:153)
	at org.springframework.context.support.AbstractApplicationContext.refresh(AbstractApplicationContext.java:544)
	at org.springframework.boot.web.servlet.context.ServletWebServerApplicationContext.refresh(ServletWebServerApplicationContext.java:141)
	at org.springframework.boot.SpringApplication.refresh(SpringApplication.java:747)
	at org.springframework.boot.SpringApplication.refreshContext(SpringApplication.java:397)
	at org.springframework.boot.SpringApplication.run(SpringApplication.java:315)
	at org.springframework.boot.SpringApplication.run(SpringApplication.java:1226)
	at org.springframework.boot.SpringApplication.run(SpringApplication.java:1215)
	at com.soft1851.swl.face.Application.main(Application.java:20)
	at sun.reflect.NativeMethodAccessorImpl.invoke0(Native Method)
	at sun.reflect.NativeMethodAccessorImpl.invoke(NativeMethodAccessorImpl.java:62)
	at sun.reflect.DelegatingMethodAccessorImpl.invoke(DelegatingMethodAccessorImpl.java:43)
	at java.lang.reflect.Method.invoke(Method.java:497)
	at org.springframework.boot.devtools.restart.RestartLauncher.run(RestartLauncher.java:49)
2021-04-09 17:53:47.443 [restartedMain] INFO  o.s.b.w.e.tomcat.TomcatWebServer - Tomcat initialized with port(s): 8080 (http)
2021-04-09 17:53:47.466 [restartedMain] INFO  o.a.coyote.http11.Http11NioProtocol - Initializing ProtocolHandler ["http-nio-8080"]
2021-04-09 17:53:47.467 [restartedMain] INFO  o.a.catalina.core.StandardService - Starting service [Tomcat]
2021-04-09 17:53:47.467 [restartedMain] INFO  o.a.catalina.core.StandardEngine - Starting Servlet engine: [Apache Tomcat/9.0.33]
2021-04-09 17:53:47.638 [restartedMain] INFO  o.a.c.c.C.[Tomcat].[localhost].[/] - Initializing Spring embedded WebApplicationContext
2021-04-09 17:53:47.638 [restartedMain] INFO  o.s.web.context.ContextLoader - Root WebApplicationContext: initialization completed in 6501 ms
2021-04-09 17:53:50.262 [restartedMain] INFO  s.d.s.w.PropertySourcedRequestMappingHandlerMapping - Mapped URL path [/v2/api-docs] onto method [springfox.documentation.swagger2.web.Swagger2Controller#getDocumentation(String, HttpServletRequest)]
2021-04-09 17:53:50.601 [restartedMain] INFO  o.s.s.c.ThreadPoolTaskExecutor - Initializing ExecutorService 'applicationTaskExecutor'
2021-04-09 17:53:50.737 [restartedMain] INFO  o.s.b.d.a.OptionalLiveReloadServer - LiveReload server is running on port 35729
2021-04-09 17:53:50.938 [restartedMain] INFO  t.m.m.a.MapperCacheDisabler - Clear tk.mybatis.mapper.util.MsUtil CLASS_CACHE cache.
2021-04-09 17:53:50.939 [restartedMain] INFO  t.m.m.a.MapperCacheDisabler - Clear tk.mybatis.mapper.genid.GenIdUtil CACHE cache.
2021-04-09 17:53:50.939 [restartedMain] INFO  t.m.m.a.MapperCacheDisabler - Clear tk.mybatis.mapper.version.VersionUtil CACHE cache.
2021-04-09 17:53:50.939 [restartedMain] INFO  t.m.m.a.MapperCacheDisabler - Clear EntityHelper entityTableMap cache.
2021-04-09 17:53:51.574 [restartedMain] WARN  o.s.b.a.f.FreeMarkerAutoConfiguration - Cannot find template location(s): [classpath:/templates/] (please add some templates, check your FreeMarker configuration, or set spring.freemarker.checkTemplateLocation=false)
2021-04-09 17:53:51.881 [restartedMain] INFO  s.d.s.w.p.DocumentationPluginsBootstrapper - Context refreshed
2021-04-09 17:53:52.010 [restartedMain] INFO  s.d.s.w.p.DocumentationPluginsBootstrapper - Found 1 custom documentation plugin(s)
2021-04-09 17:53:52.112 [restartedMain] INFO  s.d.s.w.s.ApiListingReferenceScanner - Scanning for api listing references
2021-04-09 17:53:52.558 [restartedMain] INFO  s.d.s.w.r.o.CachingOperationNameGenerator - Generating unique operation named: loginUsingPOST_1
2021-04-09 17:53:52.622 [restartedMain] INFO  o.a.coyote.http11.Http11NioProtocol - Starting ProtocolHandler ["http-nio-8080"]
2021-04-09 17:53:52.662 [restartedMain] INFO  o.s.b.w.e.tomcat.TomcatWebServer - Tomcat started on port(s): 8080 (http) with context path ''
2021-04-09 17:53:52.665 [restartedMain] INFO  com.soft1851.swl.face.Application - Started Application in 13.241 seconds (JVM running for 16.206)
2021-04-09 17:54:56.856 [http-nio-8080-exec-1] INFO  o.a.c.c.C.[Tomcat].[localhost].[/] - Initializing Spring DispatcherServlet 'dispatcherServlet'
2021-04-09 17:54:56.856 [http-nio-8080-exec-1] INFO  o.s.web.servlet.DispatcherServlet - Initializing Servlet 'dispatcherServlet'
2021-04-09 17:54:56.871 [http-nio-8080-exec-1] INFO  o.s.web.servlet.DispatcherServlet - Completed initialization in 15 ms
2021-04-09 17:55:10.553 [http-nio-8080-exec-1] INFO  c.s.swl.face.aspect.WebLogAspect - 请求URI:/student/login
2021-04-09 17:55:10.553 [http-nio-8080-exec-1] INFO  c.s.swl.face.aspect.WebLogAspect - 请求URL:http://localhost:8080/student/login
2021-04-09 17:55:10.553 [http-nio-8080-exec-1] INFO  c.s.swl.face.aspect.WebLogAspect - 请求头的User-Agent:Mozilla/5.0 (Windows NT 10.0; Win64; x64) AppleWebKit/537.36 (KHTML, like Gecko) Chrome/86.0.4240.75 Safari/537.36
2021-04-09 17:55:10.553 [http-nio-8080-exec-1] INFO  c.s.swl.face.aspect.WebLogAspect - 请求地址：0:0:0:0:0:0:0:1
2021-04-09 17:55:10.587 [http-nio-8080-exec-1] INFO  c.s.swl.face.aspect.WebLogAspect - 连接点对象通过反射获得类名和方法名com.soft1851.swl.face.controller.StudentController.login
2021-04-09 17:55:10.588 [http-nio-8080-exec-1] INFO  c.s.swl.face.aspect.WebLogAspect - AOP拦截获得参数:[LoginDto(account=111111, password=111111)]
2021-04-09 17:55:10.588 [http-nio-8080-exec-1] INFO  c.s.swl.face.aspect.WebLogAspect - 执行方法: 
2021-04-09 17:55:10.960 [http-nio-8080-exec-1] INFO  com.zaxxer.hikari.HikariDataSource - HikariPool-1 - Starting...
2021-04-09 17:55:12.166 [http-nio-8080-exec-1] INFO  com.zaxxer.hikari.HikariDataSource - HikariPool-1 - Start completed.
2021-04-09 17:55:12.836 [http-nio-8080-exec-1] INFO  c.s.s.f.s.impl.StudentServiceImpl - kuzma登录成功，生成的token = eyJhbGciOiJIUzI1NiJ9.eyJuYW1lIjoia3V6bWEiLCJwYXNzd29yZCI6Ijk2RTc5MjE4OTY1RUI3MkM5MkE1NDlERDVBMzMwMTEyIiwiaWQiOiIxMDAxIiwiaWF0IjoxNjE3OTYyMTEyLCJleHAiOjE2MTkxNzE3MTJ9.i1pnwNyxuDQAF-Jq8IqFB_E135XjcsDa5sQXqIjc1_8,有效期到:Fri Apr 23 17:55:12 GMT+08:00 2021
2021-04-09 17:55:13.742 [http-nio-8080-exec-1] INFO  io.lettuce.core.EpollProvider - Starting without optional epoll library
2021-04-09 17:55:13.745 [http-nio-8080-exec-1] INFO  io.lettuce.core.KqueueProvider - Starting without optional kqueue library
2021-04-09 17:55:15.685 [http-nio-8080-exec-1] INFO  c.s.swl.face.aspect.WebLogAspect - 耗时：5133
2021-04-09 17:55:15.685 [http-nio-8080-exec-1] INFO  c.s.swl.face.aspect.WebLogAspect - RESPONSE:ResponseResult(code=200, msg=成功, data=LoginResDto(studentDto=StudentDto(studentId=1001, studentName=kuzma, account=111111, classroom=软件1851, phoneNumber=18805167526, avatar=111, gender=男), token=JwtTokenRespDto(token=eyJhbGciOiJIUzI1NiJ9.eyJuYW1lIjoia3V6bWEiLCJwYXNzd29yZCI6Ijk2RTc5MjE4OTY1RUI3MkM5MkE1NDlERDVBMzMwMTEyIiwiaWQiOiIxMDAxIiwiaWF0IjoxNjE3OTYyMTEyLCJleHAiOjE2MTkxNzE3MTJ9.i1pnwNyxuDQAF-Jq8IqFB_E135XjcsDa5sQXqIjc1_8, expirationTime=1619171712996)))
2021-04-09 17:55:39.172 [http-nio-8080-exec-2] INFO  c.s.swl.face.aspect.WebLogAspect - 请求URI:/student/layout
2021-04-09 17:55:39.173 [http-nio-8080-exec-2] INFO  c.s.swl.face.aspect.WebLogAspect - 请求URL:http://localhost:8080/student/layout
2021-04-09 17:55:39.173 [http-nio-8080-exec-2] INFO  c.s.swl.face.aspect.WebLogAspect - 请求头的User-Agent:Mozilla/5.0 (Windows NT 10.0; Win64; x64) AppleWebKit/537.36 (KHTML, like Gecko) Chrome/86.0.4240.75 Safari/537.36
2021-04-09 17:55:39.173 [http-nio-8080-exec-2] INFO  c.s.swl.face.aspect.WebLogAspect - 请求地址：0:0:0:0:0:0:0:1
2021-04-09 17:55:39.173 [http-nio-8080-exec-2] INFO  c.s.swl.face.aspect.WebLogAspect - 连接点对象通过反射获得类名和方法名com.soft1851.swl.face.controller.StudentController.login
2021-04-09 17:55:39.173 [http-nio-8080-exec-2] INFO  c.s.swl.face.aspect.WebLogAspect - AOP拦截获得参数:[1001]
2021-04-09 17:55:39.173 [http-nio-8080-exec-2] INFO  c.s.swl.face.aspect.WebLogAspect - 执行方法: 
2021-04-09 17:55:39.227 [http-nio-8080-exec-2] INFO  c.s.swl.face.aspect.WebLogAspect - 耗时：55
2021-04-09 17:55:39.227 [http-nio-8080-exec-2] INFO  c.s.swl.face.aspect.WebLogAspect - RESPONSE:ResponseResult(code=200, msg=成功, data=null)
2021-04-09 17:58:08.096 [restartedMain] INFO  com.soft1851.swl.face.Application - Starting Application on LAPTOP-ONOA2219 with PID 13956 (C:\Users\HP\Desktop\毕业设计\项目\face-recognition-class-api\target\classes started by HP in C:\Users\HP\Desktop\毕业设计\项目\face-recognition-class-api)
2021-04-09 17:58:08.098 [restartedMain] INFO  com.soft1851.swl.face.Application - No active profile set, falling back to default profiles: default
2021-04-09 17:58:08.146 [restartedMain] INFO  o.s.b.d.restart.ChangeableUrls - The Class-Path manifest attribute in D:\tools\maven_jar\com\sun\xml\bind\jaxb-impl\2.1\jaxb-impl-2.1.jar referenced one or more files that do not exist: file:/D:/tools/maven_jar/com/sun/xml/bind/jaxb-impl/2.1/jaxb-api.jar,file:/D:/tools/maven_jar/com/sun/xml/bind/jaxb-impl/2.1/activation.jar,file:/D:/tools/maven_jar/com/sun/xml/bind/jaxb-impl/2.1/jsr173_1.0_api.jar,file:/D:/tools/maven_jar/com/sun/xml/bind/jaxb-impl/2.1/jaxb1-impl.jar
2021-04-09 17:58:08.146 [restartedMain] INFO  o.s.b.d.e.DevToolsPropertyDefaultsPostProcessor - Devtools property defaults active! Set 'spring.devtools.add-properties' to 'false' to disable
2021-04-09 17:58:08.146 [restartedMain] INFO  o.s.b.d.e.DevToolsPropertyDefaultsPostProcessor - For additional web related logging consider setting the 'logging.level.web' property to 'DEBUG'
2021-04-09 17:58:09.275 [restartedMain] INFO  o.s.d.r.c.RepositoryConfigurationDelegate - Multiple Spring Data modules found, entering strict repository configuration mode!
2021-04-09 17:58:09.277 [restartedMain] INFO  o.s.d.r.c.RepositoryConfigurationDelegate - Bootstrapping Spring Data Redis repositories in DEFAULT mode.
2021-04-09 17:58:09.319 [restartedMain] INFO  o.s.d.r.c.RepositoryConfigurationDelegate - Finished Spring Data repository scanning in 27ms. Found 0 Redis repository interfaces.
2021-04-09 17:58:09.499 [restartedMain] WARN  o.m.s.mapper.ClassPathMapperScanner - No MyBatis mapper was found in '[com.soft1851.swl.face]' package. Please check your configuration.
2021-04-09 17:58:09.865 [restartedMain] WARN  o.a.c.core.AprLifecycleListener - The APR based Apache Tomcat Native library failed to load. The error reported was [D:\Program Files\apache-tomcat-9.0.30\bin\tcnative-1.dll: Can't load AMD 64-bit .dll on a IA 32-bit platform]
java.lang.UnsatisfiedLinkError: D:\Program Files\apache-tomcat-9.0.30\bin\tcnative-1.dll: Can't load AMD 64-bit .dll on a IA 32-bit platform
	at java.lang.ClassLoader$NativeLibrary.load(Native Method)
	at java.lang.ClassLoader.loadLibrary0(ClassLoader.java:1937)
	at java.lang.ClassLoader.loadLibrary(ClassLoader.java:1855)
	at java.lang.Runtime.loadLibrary0(Runtime.java:870)
	at java.lang.System.loadLibrary(System.java:1122)
	at org.apache.tomcat.jni.Library.<init>(Library.java:69)
	at org.apache.tomcat.jni.Library.initialize(Library.java:206)
	at org.apache.catalina.core.AprLifecycleListener.init(AprLifecycleListener.java:198)
	at org.apache.catalina.core.AprLifecycleListener.isAprAvailable(AprLifecycleListener.java:107)
	at org.springframework.boot.web.embedded.tomcat.TomcatServletWebServerFactory.getDefaultLifecycleListeners(TomcatServletWebServerFactory.java:168)
	at org.springframework.boot.web.embedded.tomcat.TomcatServletWebServerFactory.<init>(TomcatServletWebServerFactory.java:119)
	at org.springframework.boot.autoconfigure.web.servlet.ServletWebServerFactoryConfiguration$EmbeddedTomcat.tomcatServletWebServerFactory(ServletWebServerFactoryConfiguration.java:75)
	at sun.reflect.NativeMethodAccessorImpl.invoke0(Native Method)
	at sun.reflect.NativeMethodAccessorImpl.invoke(NativeMethodAccessorImpl.java:62)
	at sun.reflect.DelegatingMethodAccessorImpl.invoke(DelegatingMethodAccessorImpl.java:43)
	at java.lang.reflect.Method.invoke(Method.java:497)
	at org.springframework.beans.factory.support.SimpleInstantiationStrategy.instantiate(SimpleInstantiationStrategy.java:154)
	at org.springframework.beans.factory.support.ConstructorResolver.instantiate(ConstructorResolver.java:651)
	at org.springframework.beans.factory.support.ConstructorResolver.instantiateUsingFactoryMethod(ConstructorResolver.java:636)
	at org.springframework.beans.factory.support.AbstractAutowireCapableBeanFactory.instantiateUsingFactoryMethod(AbstractAutowireCapableBeanFactory.java:1338)
	at org.springframework.beans.factory.support.AbstractAutowireCapableBeanFactory.createBeanInstance(AbstractAutowireCapableBeanFactory.java:1177)
	at org.springframework.beans.factory.support.AbstractAutowireCapableBeanFactory.doCreateBean(AbstractAutowireCapableBeanFactory.java:557)
	at org.springframework.beans.factory.support.AbstractAutowireCapableBeanFactory.createBean(AbstractAutowireCapableBeanFactory.java:517)
	at org.springframework.beans.factory.support.AbstractBeanFactory.lambda$doGetBean$0(AbstractBeanFactory.java:323)
	at org.springframework.beans.factory.support.AbstractBeanFactory$$Lambda$182/8969901.getObject(Unknown Source)
	at org.springframework.beans.factory.support.DefaultSingletonBeanRegistry.getSingleton(DefaultSingletonBeanRegistry.java:222)
	at org.springframework.beans.factory.support.AbstractBeanFactory.doGetBean(AbstractBeanFactory.java:321)
	at org.springframework.beans.factory.support.AbstractBeanFactory.getBean(AbstractBeanFactory.java:207)
	at org.springframework.boot.web.servlet.context.ServletWebServerApplicationContext.getWebServerFactory(ServletWebServerApplicationContext.java:210)
	at org.springframework.boot.web.servlet.context.ServletWebServerApplicationContext.createWebServer(ServletWebServerApplicationContext.java:179)
	at org.springframework.boot.web.servlet.context.ServletWebServerApplicationContext.onRefresh(ServletWebServerApplicationContext.java:153)
	at org.springframework.context.support.AbstractApplicationContext.refresh(AbstractApplicationContext.java:544)
	at org.springframework.boot.web.servlet.context.ServletWebServerApplicationContext.refresh(ServletWebServerApplicationContext.java:141)
	at org.springframework.boot.SpringApplication.refresh(SpringApplication.java:747)
	at org.springframework.boot.SpringApplication.refreshContext(SpringApplication.java:397)
	at org.springframework.boot.SpringApplication.run(SpringApplication.java:315)
	at org.springframework.boot.SpringApplication.run(SpringApplication.java:1226)
	at org.springframework.boot.SpringApplication.run(SpringApplication.java:1215)
	at com.soft1851.swl.face.Application.main(Application.java:20)
	at sun.reflect.NativeMethodAccessorImpl.invoke0(Native Method)
	at sun.reflect.NativeMethodAccessorImpl.invoke(NativeMethodAccessorImpl.java:62)
	at sun.reflect.DelegatingMethodAccessorImpl.invoke(DelegatingMethodAccessorImpl.java:43)
	at java.lang.reflect.Method.invoke(Method.java:497)
	at org.springframework.boot.devtools.restart.RestartLauncher.run(RestartLauncher.java:49)
2021-04-09 17:58:10.213 [restartedMain] INFO  o.s.b.w.e.tomcat.TomcatWebServer - Tomcat initialized with port(s): 8080 (http)
2021-04-09 17:58:10.221 [restartedMain] INFO  o.a.coyote.http11.Http11NioProtocol - Initializing ProtocolHandler ["http-nio-8080"]
2021-04-09 17:58:10.222 [restartedMain] INFO  o.a.catalina.core.StandardService - Starting service [Tomcat]
2021-04-09 17:58:10.222 [restartedMain] INFO  o.a.catalina.core.StandardEngine - Starting Servlet engine: [Apache Tomcat/9.0.33]
2021-04-09 17:58:10.338 [restartedMain] INFO  o.a.c.c.C.[Tomcat].[localhost].[/] - Initializing Spring embedded WebApplicationContext
2021-04-09 17:58:10.339 [restartedMain] INFO  o.s.web.context.ContextLoader - Root WebApplicationContext: initialization completed in 2193 ms
2021-04-09 17:58:11.700 [restartedMain] INFO  s.d.s.w.PropertySourcedRequestMappingHandlerMapping - Mapped URL path [/v2/api-docs] onto method [springfox.documentation.swagger2.web.Swagger2Controller#getDocumentation(String, HttpServletRequest)]
2021-04-09 17:58:11.900 [restartedMain] INFO  o.s.s.c.ThreadPoolTaskExecutor - Initializing ExecutorService 'applicationTaskExecutor'
2021-04-09 17:58:11.974 [restartedMain] INFO  o.s.b.d.a.OptionalLiveReloadServer - LiveReload server is running on port 35729
2021-04-09 17:58:12.100 [restartedMain] INFO  t.m.m.a.MapperCacheDisabler - Clear tk.mybatis.mapper.util.MsUtil CLASS_CACHE cache.
2021-04-09 17:58:12.101 [restartedMain] INFO  t.m.m.a.MapperCacheDisabler - Clear tk.mybatis.mapper.genid.GenIdUtil CACHE cache.
2021-04-09 17:58:12.101 [restartedMain] INFO  t.m.m.a.MapperCacheDisabler - Clear tk.mybatis.mapper.version.VersionUtil CACHE cache.
2021-04-09 17:58:12.105 [restartedMain] INFO  t.m.m.a.MapperCacheDisabler - Clear EntityHelper entityTableMap cache.
2021-04-09 17:58:12.433 [restartedMain] WARN  o.s.b.a.f.FreeMarkerAutoConfiguration - Cannot find template location(s): [classpath:/templates/] (please add some templates, check your FreeMarker configuration, or set spring.freemarker.checkTemplateLocation=false)
2021-04-09 17:58:12.591 [restartedMain] INFO  s.d.s.w.p.DocumentationPluginsBootstrapper - Context refreshed
2021-04-09 17:58:12.613 [restartedMain] INFO  s.d.s.w.p.DocumentationPluginsBootstrapper - Found 1 custom documentation plugin(s)
2021-04-09 17:58:12.641 [restartedMain] INFO  s.d.s.w.s.ApiListingReferenceScanner - Scanning for api listing references
2021-04-09 17:58:12.756 [restartedMain] INFO  s.d.s.w.r.o.CachingOperationNameGenerator - Generating unique operation named: loginUsingPOST_1
2021-04-09 17:58:12.786 [restartedMain] INFO  o.a.coyote.http11.Http11NioProtocol - Starting ProtocolHandler ["http-nio-8080"]
2021-04-09 17:58:12.814 [restartedMain] INFO  o.s.b.w.e.tomcat.TomcatWebServer - Tomcat started on port(s): 8080 (http) with context path ''
2021-04-09 17:58:12.817 [restartedMain] INFO  com.soft1851.swl.face.Application - Started Application in 5.416 seconds (JVM running for 7.138)
2021-04-09 17:58:22.875 [http-nio-8080-exec-1] INFO  o.a.c.c.C.[Tomcat].[localhost].[/] - Initializing Spring DispatcherServlet 'dispatcherServlet'
2021-04-09 17:58:22.875 [http-nio-8080-exec-1] INFO  o.s.web.servlet.DispatcherServlet - Initializing Servlet 'dispatcherServlet'
2021-04-09 17:58:22.889 [http-nio-8080-exec-1] INFO  o.s.web.servlet.DispatcherServlet - Completed initialization in 14 ms
2021-04-09 17:58:23.098 [http-nio-8080-exec-1] INFO  c.s.swl.face.aspect.WebLogAspect - 请求URI:/student/login
2021-04-09 17:58:23.099 [http-nio-8080-exec-1] INFO  c.s.swl.face.aspect.WebLogAspect - 请求URL:http://localhost:8080/student/login
2021-04-09 17:58:23.099 [http-nio-8080-exec-1] INFO  c.s.swl.face.aspect.WebLogAspect - 请求头的User-Agent:Mozilla/5.0 (Windows NT 10.0; Win64; x64) AppleWebKit/537.36 (KHTML, like Gecko) Chrome/86.0.4240.75 Safari/537.36
2021-04-09 17:58:23.099 [http-nio-8080-exec-1] INFO  c.s.swl.face.aspect.WebLogAspect - 请求地址：0:0:0:0:0:0:0:1
2021-04-09 17:58:23.101 [http-nio-8080-exec-1] INFO  c.s.swl.face.aspect.WebLogAspect - 连接点对象通过反射获得类名和方法名com.soft1851.swl.face.controller.StudentController.login
2021-04-09 17:58:23.102 [http-nio-8080-exec-1] INFO  c.s.swl.face.aspect.WebLogAspect - AOP拦截获得参数:[LoginDto(account=111111, password=111111)]
2021-04-09 17:58:23.102 [http-nio-8080-exec-1] INFO  c.s.swl.face.aspect.WebLogAspect - 执行方法: 
2021-04-09 17:58:23.131 [http-nio-8080-exec-1] INFO  com.zaxxer.hikari.HikariDataSource - HikariPool-1 - Starting...
2021-04-09 17:58:23.332 [http-nio-8080-exec-1] INFO  com.zaxxer.hikari.HikariDataSource - HikariPool-1 - Start completed.
2021-04-09 17:58:23.421 [http-nio-8080-exec-1] INFO  c.s.s.f.s.impl.StudentServiceImpl - kuzma登录成功，生成的token = eyJhbGciOiJIUzI1NiJ9.eyJuYW1lIjoia3V6bWEiLCJwYXNzd29yZCI6Ijk2RTc5MjE4OTY1RUI3MkM5MkE1NDlERDVBMzMwMTEyIiwiaWQiOiIxMDAxIiwiaWF0IjoxNjE3OTYyMzAzLCJleHAiOjE2MTkxNzE5MDN9.NzJViulcDv03aRMso-gRFPnOh-dcILMMHCR6ZtHvIaE,有效期到:Fri Apr 23 17:58:23 GMT+08:00 2021
2021-04-09 17:58:23.532 [http-nio-8080-exec-1] INFO  io.lettuce.core.EpollProvider - Starting without optional epoll library
2021-04-09 17:58:23.533 [http-nio-8080-exec-1] INFO  io.lettuce.core.KqueueProvider - Starting without optional kqueue library
2021-04-09 17:58:25.535 [http-nio-8080-exec-1] INFO  c.s.swl.face.aspect.WebLogAspect - 耗时：2437
2021-04-09 17:58:25.536 [http-nio-8080-exec-1] INFO  c.s.swl.face.aspect.WebLogAspect - RESPONSE:ResponseResult(code=200, msg=成功, data=LoginResDto(studentDto=StudentDto(studentId=1001, studentName=kuzma, account=111111, classroom=软件1851, phoneNumber=18805167526, avatar=111, gender=男), token=JwtTokenRespDto(token=eyJhbGciOiJIUzI1NiJ9.eyJuYW1lIjoia3V6bWEiLCJwYXNzd29yZCI6Ijk2RTc5MjE4OTY1RUI3MkM5MkE1NDlERDVBMzMwMTEyIiwiaWQiOiIxMDAxIiwiaWF0IjoxNjE3OTYyMzAzLCJleHAiOjE2MTkxNzE5MDN9.NzJViulcDv03aRMso-gRFPnOh-dcILMMHCR6ZtHvIaE, expirationTime=1619171903424)))
2021-04-09 17:58:46.592 [http-nio-8080-exec-4] INFO  c.s.swl.face.aspect.WebLogAspect - 请求URI:/student/layout
2021-04-09 17:58:46.592 [http-nio-8080-exec-4] INFO  c.s.swl.face.aspect.WebLogAspect - 请求URL:http://localhost:8080/student/layout
2021-04-09 17:58:46.592 [http-nio-8080-exec-4] INFO  c.s.swl.face.aspect.WebLogAspect - 请求头的User-Agent:Mozilla/5.0 (Windows NT 10.0; Win64; x64) AppleWebKit/537.36 (KHTML, like Gecko) Chrome/86.0.4240.75 Safari/537.36
2021-04-09 17:58:46.592 [http-nio-8080-exec-4] INFO  c.s.swl.face.aspect.WebLogAspect - 请求地址：0:0:0:0:0:0:0:1
2021-04-09 17:58:46.592 [http-nio-8080-exec-4] INFO  c.s.swl.face.aspect.WebLogAspect - 连接点对象通过反射获得类名和方法名com.soft1851.swl.face.controller.StudentController.login
2021-04-09 17:58:46.592 [http-nio-8080-exec-4] INFO  c.s.swl.face.aspect.WebLogAspect - AOP拦截获得参数:[1002]
2021-04-09 17:58:46.592 [http-nio-8080-exec-4] INFO  c.s.swl.face.aspect.WebLogAspect - 执行方法: 
2021-04-09 17:58:46.614 [http-nio-8080-exec-4] INFO  c.s.swl.face.aspect.WebLogAspect - 耗时：22
2021-04-09 17:58:46.614 [http-nio-8080-exec-4] INFO  c.s.swl.face.aspect.WebLogAspect - RESPONSE:ResponseResult(code=10001, msg=参数无效, data=null)
2021-04-09 17:58:54.852 [http-nio-8080-exec-5] INFO  c.s.swl.face.aspect.WebLogAspect - 请求URI:/student/layout
2021-04-09 17:58:54.852 [http-nio-8080-exec-5] INFO  c.s.swl.face.aspect.WebLogAspect - 请求URL:http://localhost:8080/student/layout
2021-04-09 17:58:54.852 [http-nio-8080-exec-5] INFO  c.s.swl.face.aspect.WebLogAspect - 请求头的User-Agent:Mozilla/5.0 (Windows NT 10.0; Win64; x64) AppleWebKit/537.36 (KHTML, like Gecko) Chrome/86.0.4240.75 Safari/537.36
2021-04-09 17:58:54.852 [http-nio-8080-exec-5] INFO  c.s.swl.face.aspect.WebLogAspect - 请求地址：0:0:0:0:0:0:0:1
2021-04-09 17:58:54.853 [http-nio-8080-exec-5] INFO  c.s.swl.face.aspect.WebLogAspect - 连接点对象通过反射获得类名和方法名com.soft1851.swl.face.controller.StudentController.login
2021-04-09 17:58:54.853 [http-nio-8080-exec-5] INFO  c.s.swl.face.aspect.WebLogAspect - AOP拦截获得参数:[1001]
2021-04-09 17:58:54.853 [http-nio-8080-exec-5] INFO  c.s.swl.face.aspect.WebLogAspect - 执行方法: 
2021-04-09 17:58:54.865 [http-nio-8080-exec-5] INFO  c.s.swl.face.aspect.WebLogAspect - 耗时：14
2021-04-09 17:58:54.865 [http-nio-8080-exec-5] INFO  c.s.swl.face.aspect.WebLogAspect - RESPONSE:ResponseResult(code=200, msg=成功, data=null)
2021-04-09 19:10:22.452 [Thread-5] INFO  o.s.s.c.ThreadPoolTaskExecutor - Shutting down ExecutorService 'applicationTaskExecutor'
2021-04-09 19:10:22.619 [Thread-5] INFO  com.zaxxer.hikari.HikariDataSource - HikariPool-1 - Shutdown initiated...
2021-04-09 19:10:22.621 [Thread-5] INFO  com.zaxxer.hikari.HikariDataSource - HikariPool-1 - Shutdown completed.
2021-04-09 19:10:24.175 [restartedMain] INFO  com.soft1851.swl.face.Application - Starting Application on LAPTOP-ONOA2219 with PID 13956 (C:\Users\HP\Desktop\毕业设计\项目\face-recognition-class-api\target\classes started by HP in C:\Users\HP\Desktop\毕业设计\项目\face-recognition-class-api)
2021-04-09 19:10:24.175 [restartedMain] INFO  com.soft1851.swl.face.Application - No active profile set, falling back to default profiles: default
2021-04-09 19:10:24.930 [restartedMain] INFO  o.s.d.r.c.RepositoryConfigurationDelegate - Multiple Spring Data modules found, entering strict repository configuration mode!
2021-04-09 19:10:24.931 [restartedMain] INFO  o.s.d.r.c.RepositoryConfigurationDelegate - Bootstrapping Spring Data Redis repositories in DEFAULT mode.
2021-04-09 19:10:24.957 [restartedMain] INFO  o.s.d.r.c.RepositoryConfigurationDelegate - Finished Spring Data repository scanning in 26ms. Found 0 Redis repository interfaces.
2021-04-09 19:10:25.036 [restartedMain] WARN  o.m.s.mapper.ClassPathMapperScanner - No MyBatis mapper was found in '[com.soft1851.swl.face]' package. Please check your configuration.
2021-04-09 19:10:25.311 [restartedMain] INFO  o.s.b.w.e.tomcat.TomcatWebServer - Tomcat initialized with port(s): 8080 (http)
2021-04-09 19:10:25.312 [restartedMain] INFO  o.a.coyote.http11.Http11NioProtocol - Initializing ProtocolHandler ["http-nio-8080"]
2021-04-09 19:10:25.312 [restartedMain] INFO  o.a.catalina.core.StandardService - Starting service [Tomcat]
2021-04-09 19:10:25.312 [restartedMain] INFO  o.a.catalina.core.StandardEngine - Starting Servlet engine: [Apache Tomcat/9.0.33]
2021-04-09 19:10:25.363 [restartedMain] INFO  o.a.c.c.C.[Tomcat].[localhost].[/] - Initializing Spring embedded WebApplicationContext
2021-04-09 19:10:25.363 [restartedMain] INFO  o.s.web.context.ContextLoader - Root WebApplicationContext: initialization completed in 1181 ms
2021-04-09 19:10:25.948 [restartedMain] INFO  s.d.s.w.PropertySourcedRequestMappingHandlerMapping - Mapped URL path [/v2/api-docs] onto method [springfox.documentation.swagger2.web.Swagger2Controller#getDocumentation(String, HttpServletRequest)]
2021-04-09 19:10:26.092 [restartedMain] INFO  o.s.s.c.ThreadPoolTaskExecutor - Initializing ExecutorService 'applicationTaskExecutor'
2021-04-09 19:10:26.136 [restartedMain] INFO  o.s.b.d.a.OptionalLiveReloadServer - LiveReload server is running on port 35729
2021-04-09 19:10:26.215 [restartedMain] INFO  t.m.m.a.MapperCacheDisabler - Clear tk.mybatis.mapper.util.MsUtil CLASS_CACHE cache.
2021-04-09 19:10:26.215 [restartedMain] INFO  t.m.m.a.MapperCacheDisabler - Clear tk.mybatis.mapper.genid.GenIdUtil CACHE cache.
2021-04-09 19:10:26.216 [restartedMain] INFO  t.m.m.a.MapperCacheDisabler - Clear tk.mybatis.mapper.version.VersionUtil CACHE cache.
2021-04-09 19:10:26.216 [restartedMain] INFO  t.m.m.a.MapperCacheDisabler - Clear EntityHelper entityTableMap cache.
2021-04-09 19:10:26.368 [restartedMain] WARN  o.s.b.a.f.FreeMarkerAutoConfiguration - Cannot find template location(s): [classpath:/templates/] (please add some templates, check your FreeMarker configuration, or set spring.freemarker.checkTemplateLocation=false)
2021-04-09 19:10:26.498 [restartedMain] INFO  s.d.s.w.p.DocumentationPluginsBootstrapper - Context refreshed
2021-04-09 19:10:26.498 [restartedMain] INFO  s.d.s.w.p.DocumentationPluginsBootstrapper - Found 1 custom documentation plugin(s)
2021-04-09 19:10:26.503 [restartedMain] INFO  s.d.s.w.s.ApiListingReferenceScanner - Scanning for api listing references
2021-04-09 19:10:26.516 [restartedMain] INFO  s.d.s.w.r.o.CachingOperationNameGenerator - Generating unique operation named: loginUsingPOST_1
2021-04-09 19:10:26.523 [restartedMain] INFO  o.a.coyote.http11.Http11NioProtocol - Starting ProtocolHandler ["http-nio-8080"]
2021-04-09 19:10:26.534 [restartedMain] INFO  o.s.b.w.e.tomcat.TomcatWebServer - Tomcat started on port(s): 8080 (http) with context path ''
2021-04-09 19:10:26.534 [restartedMain] INFO  com.soft1851.swl.face.Application - Started Application in 2.463 seconds (JVM running for 4340.856)
2021-04-09 19:10:26.537 [restartedMain] INFO  o.s.b.d.a.ConditionEvaluationDeltaLoggingListener - Condition evaluation unchanged
2021-04-09 20:25:32.805 [Thread-9] INFO  o.s.s.c.ThreadPoolTaskExecutor - Shutting down ExecutorService 'applicationTaskExecutor'
2021-04-09 20:25:34.202 [restartedMain] INFO  com.soft1851.swl.face.Application - Starting Application on LAPTOP-ONOA2219 with PID 13956 (C:\Users\HP\Desktop\毕业设计\项目\face-recognition-class-api\target\classes started by HP in C:\Users\HP\Desktop\毕业设计\项目\face-recognition-class-api)
2021-04-09 20:25:34.202 [restartedMain] INFO  com.soft1851.swl.face.Application - No active profile set, falling back to default profiles: default
2021-04-09 20:25:34.781 [restartedMain] INFO  o.s.d.r.c.RepositoryConfigurationDelegate - Multiple Spring Data modules found, entering strict repository configuration mode!
2021-04-09 20:25:34.781 [restartedMain] INFO  o.s.d.r.c.RepositoryConfigurationDelegate - Bootstrapping Spring Data Redis repositories in DEFAULT mode.
2021-04-09 20:25:34.807 [restartedMain] INFO  o.s.d.r.c.RepositoryConfigurationDelegate - Finished Spring Data repository scanning in 25ms. Found 0 Redis repository interfaces.
2021-04-09 20:25:34.875 [restartedMain] WARN  o.m.s.mapper.ClassPathMapperScanner - No MyBatis mapper was found in '[com.soft1851.swl.face]' package. Please check your configuration.
2021-04-09 20:25:35.183 [restartedMain] INFO  o.s.b.w.e.tomcat.TomcatWebServer - Tomcat initialized with port(s): 8080 (http)
2021-04-09 20:25:35.183 [restartedMain] INFO  o.a.coyote.http11.Http11NioProtocol - Initializing ProtocolHandler ["http-nio-8080"]
2021-04-09 20:25:35.184 [restartedMain] INFO  o.a.catalina.core.StandardService - Starting service [Tomcat]
2021-04-09 20:25:35.184 [restartedMain] INFO  o.a.catalina.core.StandardEngine - Starting Servlet engine: [Apache Tomcat/9.0.33]
2021-04-09 20:25:35.241 [restartedMain] INFO  o.a.c.c.C.[Tomcat].[localhost].[/] - Initializing Spring embedded WebApplicationContext
2021-04-09 20:25:35.241 [restartedMain] INFO  o.s.web.context.ContextLoader - Root WebApplicationContext: initialization completed in 1035 ms
2021-04-09 20:25:35.302 [restartedMain] WARN  o.s.b.w.s.c.AnnotationConfigServletWebServerApplicationContext - Exception encountered during context initialization - cancelling refresh attempt: org.springframework.beans.factory.UnsatisfiedDependencyException: Error creating bean with name 'studentController' defined in file [C:\Users\HP\Desktop\毕业设计\项目\face-recognition-class-api\target\classes\com\soft1851\swl\face\controller\StudentController.class]: Unsatisfied dependency expressed through constructor parameter 0; nested exception is org.springframework.beans.factory.NoSuchBeanDefinitionException: No qualifying bean of type 'com.soft1851.swl.face.service.StudentService' available: expected at least 1 bean which qualifies as autowire candidate. Dependency annotations: {}
2021-04-09 20:25:35.303 [restartedMain] INFO  o.a.catalina.core.StandardService - Stopping service [Tomcat]
2021-04-09 20:25:35.314 [restartedMain] INFO  o.s.b.a.l.ConditionEvaluationReportLoggingListener - 

Error starting ApplicationContext. To display the conditions report re-run your application with 'debug' enabled.
2021-04-09 20:25:35.659 [restartedMain] ERROR o.s.b.d.LoggingFailureAnalysisReporter - 

***************************
APPLICATION FAILED TO START
***************************

Description:

Parameter 0 of constructor in com.soft1851.swl.face.controller.StudentController required a bean of type 'com.soft1851.swl.face.service.StudentService' that could not be found.


Action:

Consider defining a bean of type 'com.soft1851.swl.face.service.StudentService' in your configuration.

2021-04-09 21:40:51.085 [restartedMain] INFO  com.soft1851.swl.face.Application - Starting Application on LAPTOP-ONOA2219 with PID 13956 (C:\Users\HP\Desktop\毕业设计\项目\face-recognition-class-api\target\classes started by HP in C:\Users\HP\Desktop\毕业设计\项目\face-recognition-class-api)
2021-04-09 21:40:51.085 [restartedMain] INFO  com.soft1851.swl.face.Application - No active profile set, falling back to default profiles: default
2021-04-09 21:40:51.659 [restartedMain] INFO  o.s.d.r.c.RepositoryConfigurationDelegate - Multiple Spring Data modules found, entering strict repository configuration mode!
2021-04-09 21:40:51.660 [restartedMain] INFO  o.s.d.r.c.RepositoryConfigurationDelegate - Bootstrapping Spring Data Redis repositories in DEFAULT mode.
2021-04-09 21:40:51.680 [restartedMain] INFO  o.s.d.r.c.RepositoryConfigurationDelegate - Finished Spring Data repository scanning in 19ms. Found 0 Redis repository interfaces.
2021-04-09 21:40:51.743 [restartedMain] WARN  o.m.s.mapper.ClassPathMapperScanner - No MyBatis mapper was found in '[com.soft1851.swl.face]' package. Please check your configuration.
2021-04-09 21:40:52.003 [restartedMain] INFO  o.s.b.w.e.tomcat.TomcatWebServer - Tomcat initialized with port(s): 8080 (http)
2021-04-09 21:40:52.003 [restartedMain] INFO  o.a.coyote.http11.Http11NioProtocol - Initializing ProtocolHandler ["http-nio-8080"]
2021-04-09 21:40:52.004 [restartedMain] INFO  o.a.catalina.core.StandardService - Starting service [Tomcat]
2021-04-09 21:40:52.004 [restartedMain] INFO  o.a.catalina.core.StandardEngine - Starting Servlet engine: [Apache Tomcat/9.0.33]
2021-04-09 21:40:52.032 [restartedMain] INFO  o.a.c.c.C.[Tomcat-1].[localhost].[/] - Initializing Spring embedded WebApplicationContext
2021-04-09 21:40:52.032 [restartedMain] INFO  o.s.web.context.ContextLoader - Root WebApplicationContext: initialization completed in 943 ms
2021-04-09 21:40:52.081 [restartedMain] WARN  o.s.b.w.s.c.AnnotationConfigServletWebServerApplicationContext - Exception encountered during context initialization - cancelling refresh attempt: org.springframework.beans.factory.UnsatisfiedDependencyException: Error creating bean with name 'studentController' defined in file [C:\Users\HP\Desktop\毕业设计\项目\face-recognition-class-api\target\classes\com\soft1851\swl\face\controller\StudentController.class]: Unsatisfied dependency expressed through constructor parameter 0; nested exception is org.springframework.beans.factory.NoSuchBeanDefinitionException: No qualifying bean of type 'com.soft1851.swl.face.service.StudentService' available: expected at least 1 bean which qualifies as autowire candidate. Dependency annotations: {}
2021-04-09 21:40:52.081 [restartedMain] INFO  o.a.catalina.core.StandardService - Stopping service [Tomcat]
2021-04-09 21:40:52.086 [restartedMain] INFO  o.s.b.a.l.ConditionEvaluationReportLoggingListener - 

Error starting ApplicationContext. To display the conditions report re-run your application with 'debug' enabled.
2021-04-09 21:40:52.202 [restartedMain] ERROR o.s.b.d.LoggingFailureAnalysisReporter - 

***************************
APPLICATION FAILED TO START
***************************

Description:

Parameter 0 of constructor in com.soft1851.swl.face.controller.StudentController required a bean of type 'com.soft1851.swl.face.service.StudentService' that could not be found.


Action:

Consider defining a bean of type 'com.soft1851.swl.face.service.StudentService' in your configuration.

