2021-04-10 16:53:38.789 [restartedMain] INFO  com.soft1851.swl.face.Application - Starting Application on LAPTOP-ONOA2219 with PID 13460 (C:\Users\HP\Desktop\毕业设计\项目\face-recognition-class-api\target\classes started by HP in C:\Users\HP\Desktop\毕业设计\项目\face-recognition-class-api)
2021-04-10 16:53:38.792 [restartedMain] INFO  com.soft1851.swl.face.Application - No active profile set, falling back to default profiles: default
2021-04-10 16:53:40.854 [restartedMain] INFO  o.s.b.d.restart.ChangeableUrls - The Class-Path manifest attribute in D:\tools\maven_jar\com\sun\xml\bind\jaxb-impl\2.1\jaxb-impl-2.1.jar referenced one or more files that do not exist: file:/D:/tools/maven_jar/com/sun/xml/bind/jaxb-impl/2.1/jaxb-api.jar,file:/D:/tools/maven_jar/com/sun/xml/bind/jaxb-impl/2.1/activation.jar,file:/D:/tools/maven_jar/com/sun/xml/bind/jaxb-impl/2.1/jsr173_1.0_api.jar,file:/D:/tools/maven_jar/com/sun/xml/bind/jaxb-impl/2.1/jaxb1-impl.jar
2021-04-10 16:53:40.855 [restartedMain] INFO  o.s.b.d.e.DevToolsPropertyDefaultsPostProcessor - Devtools property defaults active! Set 'spring.devtools.add-properties' to 'false' to disable
2021-04-10 16:53:40.855 [restartedMain] INFO  o.s.b.d.e.DevToolsPropertyDefaultsPostProcessor - For additional web related logging consider setting the 'logging.level.web' property to 'DEBUG'
2021-04-10 16:53:56.414 [restartedMain] INFO  o.s.d.r.c.RepositoryConfigurationDelegate - Multiple Spring Data modules found, entering strict repository configuration mode!
2021-04-10 16:53:56.416 [restartedMain] INFO  o.s.d.r.c.RepositoryConfigurationDelegate - Bootstrapping Spring Data Redis repositories in DEFAULT mode.
2021-04-10 16:53:56.859 [restartedMain] INFO  o.s.d.r.c.RepositoryConfigurationDelegate - Finished Spring Data repository scanning in 30ms. Found 0 Redis repository interfaces.
2021-04-10 16:53:58.392 [restartedMain] WARN  o.m.s.mapper.ClassPathMapperScanner - No MyBatis mapper was found in '[com.soft1851.swl.face]' package. Please check your configuration.
2021-04-10 16:54:00.011 [restartedMain] WARN  o.a.c.core.AprLifecycleListener - The APR based Apache Tomcat Native library failed to load. The error reported was [D:\Program Files\apache-tomcat-9.0.30\bin\tcnative-1.dll: Can't load AMD 64-bit .dll on a IA 32-bit platform]
java.lang.UnsatisfiedLinkError: D:\Program Files\apache-tomcat-9.0.30\bin\tcnative-1.dll: Can't load AMD 64-bit .dll on a IA 32-bit platform
	at java.lang.ClassLoader$NativeLibrary.load(Native Method)
	at java.lang.ClassLoader.loadLibrary0(ClassLoader.java:1937)
	at java.lang.ClassLoader.loadLibrary(ClassLoader.java:1855)
	at java.lang.Runtime.loadLibrary0(Runtime.java:870)
	at java.lang.System.loadLibrary(System.java:1122)
	at org.apache.tomcat.jni.Library.<init>(Library.java:69)
	at org.apache.tomcat.jni.Library.initialize(Library.java:206)
	at org.apache.catalina.core.AprLifecycleListener.init(AprLifecycleListener.java:198)
	at org.apache.catalina.core.AprLifecycleListener.isAprAvailable(AprLifecycleListener.java:107)
	at org.springframework.boot.web.embedded.tomcat.TomcatServletWebServerFactory.getDefaultLifecycleListeners(TomcatServletWebServerFactory.java:168)
	at org.springframework.boot.web.embedded.tomcat.TomcatServletWebServerFactory.<init>(TomcatServletWebServerFactory.java:119)
	at org.springframework.boot.autoconfigure.web.servlet.ServletWebServerFactoryConfiguration$EmbeddedTomcat.tomcatServletWebServerFactory(ServletWebServerFactoryConfiguration.java:75)
	at sun.reflect.NativeMethodAccessorImpl.invoke0(Native Method)
	at sun.reflect.NativeMethodAccessorImpl.invoke(NativeMethodAccessorImpl.java:62)
	at sun.reflect.DelegatingMethodAccessorImpl.invoke(DelegatingMethodAccessorImpl.java:43)
	at java.lang.reflect.Method.invoke(Method.java:497)
	at org.springframework.beans.factory.support.SimpleInstantiationStrategy.instantiate(SimpleInstantiationStrategy.java:154)
	at org.springframework.beans.factory.support.ConstructorResolver.instantiate(ConstructorResolver.java:651)
	at org.springframework.beans.factory.support.ConstructorResolver.instantiateUsingFactoryMethod(ConstructorResolver.java:636)
	at org.springframework.beans.factory.support.AbstractAutowireCapableBeanFactory.instantiateUsingFactoryMethod(AbstractAutowireCapableBeanFactory.java:1338)
	at org.springframework.beans.factory.support.AbstractAutowireCapableBeanFactory.createBeanInstance(AbstractAutowireCapableBeanFactory.java:1177)
	at org.springframework.beans.factory.support.AbstractAutowireCapableBeanFactory.doCreateBean(AbstractAutowireCapableBeanFactory.java:557)
	at org.springframework.beans.factory.support.AbstractAutowireCapableBeanFactory.createBean(AbstractAutowireCapableBeanFactory.java:517)
	at org.springframework.beans.factory.support.AbstractBeanFactory.lambda$doGetBean$0(AbstractBeanFactory.java:323)
	at org.springframework.beans.factory.support.AbstractBeanFactory$$Lambda$158/5467652.getObject(Unknown Source)
	at org.springframework.beans.factory.support.DefaultSingletonBeanRegistry.getSingleton(DefaultSingletonBeanRegistry.java:222)
	at org.springframework.beans.factory.support.AbstractBeanFactory.doGetBean(AbstractBeanFactory.java:321)
	at org.springframework.beans.factory.support.AbstractBeanFactory.getBean(AbstractBeanFactory.java:207)
	at org.springframework.boot.web.servlet.context.ServletWebServerApplicationContext.getWebServerFactory(ServletWebServerApplicationContext.java:210)
	at org.springframework.boot.web.servlet.context.ServletWebServerApplicationContext.createWebServer(ServletWebServerApplicationContext.java:179)
	at org.springframework.boot.web.servlet.context.ServletWebServerApplicationContext.onRefresh(ServletWebServerApplicationContext.java:153)
	at org.springframework.context.support.AbstractApplicationContext.refresh(AbstractApplicationContext.java:544)
	at org.springframework.boot.web.servlet.context.ServletWebServerApplicationContext.refresh(ServletWebServerApplicationContext.java:141)
	at org.springframework.boot.SpringApplication.refresh(SpringApplication.java:747)
	at org.springframework.boot.SpringApplication.refreshContext(SpringApplication.java:397)
	at org.springframework.boot.SpringApplication.run(SpringApplication.java:315)
	at org.springframework.boot.SpringApplication.run(SpringApplication.java:1226)
	at org.springframework.boot.SpringApplication.run(SpringApplication.java:1215)
	at com.soft1851.swl.face.Application.main(Application.java:20)
	at sun.reflect.NativeMethodAccessorImpl.invoke0(Native Method)
	at sun.reflect.NativeMethodAccessorImpl.invoke(NativeMethodAccessorImpl.java:62)
	at sun.reflect.DelegatingMethodAccessorImpl.invoke(DelegatingMethodAccessorImpl.java:43)
	at java.lang.reflect.Method.invoke(Method.java:497)
	at org.springframework.boot.devtools.restart.RestartLauncher.run(RestartLauncher.java:49)
2021-04-10 16:54:02.315 [restartedMain] INFO  o.s.b.w.e.tomcat.TomcatWebServer - Tomcat initialized with port(s): 8080 (http)
2021-04-10 16:54:02.426 [restartedMain] INFO  o.a.coyote.http11.Http11NioProtocol - Initializing ProtocolHandler ["http-nio-8080"]
2021-04-10 16:54:02.427 [restartedMain] INFO  o.a.catalina.core.StandardService - Starting service [Tomcat]
2021-04-10 16:54:02.428 [restartedMain] INFO  o.a.catalina.core.StandardEngine - Starting Servlet engine: [Apache Tomcat/9.0.33]
2021-04-10 16:54:03.309 [restartedMain] INFO  o.a.c.c.C.[Tomcat].[localhost].[/] - Initializing Spring embedded WebApplicationContext
2021-04-10 16:54:03.309 [restartedMain] INFO  o.s.web.context.ContextLoader - Root WebApplicationContext: initialization completed in 22453 ms
2021-04-10 16:54:10.802 [restartedMain] INFO  s.d.s.w.PropertySourcedRequestMappingHandlerMapping - Mapped URL path [/v2/api-docs] onto method [springfox.documentation.swagger2.web.Swagger2Controller#getDocumentation(String, HttpServletRequest)]
2021-04-10 16:54:11.422 [restartedMain] INFO  o.s.s.c.ThreadPoolTaskExecutor - Initializing ExecutorService 'applicationTaskExecutor'
2021-04-10 16:54:11.642 [restartedMain] INFO  o.s.b.d.a.OptionalLiveReloadServer - LiveReload server is running on port 35729
2021-04-10 16:54:11.833 [restartedMain] INFO  t.m.m.a.MapperCacheDisabler - Clear tk.mybatis.mapper.util.MsUtil CLASS_CACHE cache.
2021-04-10 16:54:11.834 [restartedMain] INFO  t.m.m.a.MapperCacheDisabler - Clear tk.mybatis.mapper.genid.GenIdUtil CACHE cache.
2021-04-10 16:54:11.835 [restartedMain] INFO  t.m.m.a.MapperCacheDisabler - Clear tk.mybatis.mapper.version.VersionUtil CACHE cache.
2021-04-10 16:54:11.835 [restartedMain] INFO  t.m.m.a.MapperCacheDisabler - Clear EntityHelper entityTableMap cache.
2021-04-10 16:54:12.690 [restartedMain] WARN  o.s.b.a.f.FreeMarkerAutoConfiguration - Cannot find template location(s): [classpath:/templates/] (please add some templates, check your FreeMarker configuration, or set spring.freemarker.checkTemplateLocation=false)
2021-04-10 16:54:12.985 [restartedMain] INFO  s.d.s.w.p.DocumentationPluginsBootstrapper - Context refreshed
2021-04-10 16:54:13.079 [restartedMain] INFO  s.d.s.w.p.DocumentationPluginsBootstrapper - Found 1 custom documentation plugin(s)
2021-04-10 16:54:13.138 [restartedMain] INFO  s.d.s.w.s.ApiListingReferenceScanner - Scanning for api listing references
2021-04-10 16:54:13.634 [restartedMain] INFO  s.d.s.w.r.o.CachingOperationNameGenerator - Generating unique operation named: loginUsingPOST_1
2021-04-10 16:54:13.815 [restartedMain] INFO  o.a.coyote.http11.Http11NioProtocol - Starting ProtocolHandler ["http-nio-8080"]
2021-04-10 16:54:13.861 [restartedMain] INFO  o.s.b.w.e.tomcat.TomcatWebServer - Tomcat started on port(s): 8080 (http) with context path ''
2021-04-10 16:54:13.864 [restartedMain] INFO  com.soft1851.swl.face.Application - Started Application in 38.205 seconds (JVM running for 40.631)
2021-04-10 16:54:28.070 [http-nio-8080-exec-1] INFO  o.a.c.c.C.[Tomcat].[localhost].[/] - Initializing Spring DispatcherServlet 'dispatcherServlet'
2021-04-10 16:54:28.070 [http-nio-8080-exec-1] INFO  o.s.web.servlet.DispatcherServlet - Initializing Servlet 'dispatcherServlet'
2021-04-10 16:54:28.086 [http-nio-8080-exec-1] INFO  o.s.web.servlet.DispatcherServlet - Completed initialization in 16 ms
2021-04-10 16:54:36.175 [http-nio-8080-exec-7] INFO  c.s.swl.face.aspect.WebLogAspect - 请求URI:/student/all
2021-04-10 16:54:36.175 [http-nio-8080-exec-7] INFO  c.s.swl.face.aspect.WebLogAspect - 请求URL:http://localhost:8080/student/all
2021-04-10 16:54:36.175 [http-nio-8080-exec-7] INFO  c.s.swl.face.aspect.WebLogAspect - 请求头的User-Agent:Mozilla/5.0 (Windows NT 10.0; Win64; x64) AppleWebKit/537.36 (KHTML, like Gecko) Chrome/86.0.4240.75 Safari/537.36
2021-04-10 16:54:36.175 [http-nio-8080-exec-7] INFO  c.s.swl.face.aspect.WebLogAspect - 请求地址：0:0:0:0:0:0:0:1
2021-04-10 16:54:36.178 [http-nio-8080-exec-7] INFO  c.s.swl.face.aspect.WebLogAspect - 连接点对象通过反射获得类名和方法名com.soft1851.swl.face.controller.StudentController.test
2021-04-10 16:54:36.179 [http-nio-8080-exec-7] INFO  c.s.swl.face.aspect.WebLogAspect - AOP拦截获得参数:[]
2021-04-10 16:54:36.179 [http-nio-8080-exec-7] INFO  c.s.swl.face.aspect.WebLogAspect - 执行方法: 
2021-04-10 16:54:36.427 [http-nio-8080-exec-7] INFO  com.zaxxer.hikari.HikariDataSource - HikariPool-1 - Starting...
2021-04-10 16:54:36.976 [http-nio-8080-exec-7] INFO  com.zaxxer.hikari.HikariDataSource - HikariPool-1 - Start completed.
2021-04-10 16:54:37.024 [http-nio-8080-exec-7] INFO  c.s.swl.face.aspect.WebLogAspect - 耗时：849
2021-04-10 16:54:37.024 [http-nio-8080-exec-7] INFO  c.s.swl.face.aspect.WebLogAspect - RESPONSE:ResponseResult(code=200, msg=成功, data=[Student(studentId=1001, studentName=kuzma, classroom=软件1851, password=96E79218965EB72C92A549DD5A330112, phoneNumber=18805167526, avatar=111, gender=男, updateTime=Wed Apr 07 16:12:41 GMT+08:00 2021, createTime=Wed Apr 07 16:12:43 GMT+08:00 2021, deleteFlag=0)])
2021-04-10 16:54:57.936 [http-nio-8080-exec-9] INFO  c.s.swl.face.aspect.WebLogAspect - 请求URI:/student/layout
2021-04-10 16:54:57.937 [http-nio-8080-exec-9] INFO  c.s.swl.face.aspect.WebLogAspect - 请求URL:http://localhost:8080/student/layout
2021-04-10 16:54:57.937 [http-nio-8080-exec-9] INFO  c.s.swl.face.aspect.WebLogAspect - 请求头的User-Agent:Mozilla/5.0 (Windows NT 10.0; Win64; x64) AppleWebKit/537.36 (KHTML, like Gecko) Chrome/86.0.4240.75 Safari/537.36
2021-04-10 16:54:57.937 [http-nio-8080-exec-9] INFO  c.s.swl.face.aspect.WebLogAspect - 请求地址：0:0:0:0:0:0:0:1
2021-04-10 16:54:57.937 [http-nio-8080-exec-9] INFO  c.s.swl.face.aspect.WebLogAspect - 连接点对象通过反射获得类名和方法名com.soft1851.swl.face.controller.StudentController.login
2021-04-10 16:54:57.938 [http-nio-8080-exec-9] INFO  c.s.swl.face.aspect.WebLogAspect - AOP拦截获得参数:[1001]
2021-04-10 16:54:57.938 [http-nio-8080-exec-9] INFO  c.s.swl.face.aspect.WebLogAspect - 执行方法: 
2021-04-10 16:54:58.395 [http-nio-8080-exec-9] INFO  io.lettuce.core.EpollProvider - Starting without optional epoll library
2021-04-10 16:54:58.396 [http-nio-8080-exec-9] INFO  io.lettuce.core.KqueueProvider - Starting without optional kqueue library
2021-04-10 16:55:00.605 [http-nio-8080-exec-9] INFO  c.s.swl.face.aspect.WebLogAspect - 耗时：2670
2021-04-10 16:55:00.605 [http-nio-8080-exec-9] INFO  c.s.swl.face.aspect.WebLogAspect - RESPONSE:ResponseResult(code=10001, msg=参数无效, data=null)
2021-04-10 16:55:06.858 [http-nio-8080-exec-2] WARN  o.s.w.s.m.s.DefaultHandlerExceptionResolver - Resolved [org.springframework.web.bind.MethodArgumentNotValidException: Validation failed for argument [0] in public com.soft1851.swl.face.common.ResponseResult com.soft1851.swl.face.controller.StudentController.login(com.soft1851.swl.face.dto.LoginDto): [Field error in object 'loginDto' on field 'studentId': rejected value [null]; codes [NotNull.loginDto.studentId,NotNull.studentId,NotNull.java.lang.String,NotNull]; arguments [org.springframework.context.support.DefaultMessageSourceResolvable: codes [loginDto.studentId,studentId]; arguments []; default message [studentId]]; default message [studentId 不能为空]] ]
2021-04-10 16:55:37.576 [http-nio-8080-exec-3] INFO  c.s.swl.face.aspect.WebLogAspect - 请求URI:/student/login
2021-04-10 16:55:37.576 [http-nio-8080-exec-3] INFO  c.s.swl.face.aspect.WebLogAspect - 请求URL:http://localhost:8080/student/login
2021-04-10 16:55:37.576 [http-nio-8080-exec-3] INFO  c.s.swl.face.aspect.WebLogAspect - 请求头的User-Agent:Mozilla/5.0 (Windows NT 10.0; Win64; x64) AppleWebKit/537.36 (KHTML, like Gecko) Chrome/86.0.4240.75 Safari/537.36
2021-04-10 16:55:37.576 [http-nio-8080-exec-3] INFO  c.s.swl.face.aspect.WebLogAspect - 请求地址：0:0:0:0:0:0:0:1
2021-04-10 16:55:37.576 [http-nio-8080-exec-3] INFO  c.s.swl.face.aspect.WebLogAspect - 连接点对象通过反射获得类名和方法名com.soft1851.swl.face.controller.StudentController.login
2021-04-10 16:55:37.576 [http-nio-8080-exec-3] INFO  c.s.swl.face.aspect.WebLogAspect - AOP拦截获得参数:[LoginDto(studentId=111111, password=111111)]
2021-04-10 16:55:37.577 [http-nio-8080-exec-3] INFO  c.s.swl.face.aspect.WebLogAspect - 执行方法: 
2021-04-10 16:55:37.585 [http-nio-8080-exec-3] ERROR c.s.s.f.s.impl.StudentServiceImpl - 该学生账号不存在
2021-04-10 16:55:37.585 [http-nio-8080-exec-3] INFO  c.s.swl.face.aspect.WebLogAspect - 耗时：9
2021-04-10 16:55:37.585 [http-nio-8080-exec-3] INFO  c.s.swl.face.aspect.WebLogAspect - RESPONSE:ResponseResult(code=20009, msg=用户不存在, data=null)
2021-04-10 16:55:44.702 [http-nio-8080-exec-9] WARN  o.s.w.s.m.s.DefaultHandlerExceptionResolver - Resolved [org.springframework.web.bind.MethodArgumentNotValidException: Validation failed for argument [0] in public com.soft1851.swl.face.common.ResponseResult com.soft1851.swl.face.controller.StudentController.login(com.soft1851.swl.face.dto.LoginDto): [Field error in object 'loginDto' on field 'password': rejected value [11111]; codes [Size.loginDto.password,Size.password,Size.java.lang.String,Size]; arguments [org.springframework.context.support.DefaultMessageSourceResolvable: codes [loginDto.password,password]; arguments []; default message [password],2147483647,6]; default message [密码不能小于6位]] ]
2021-04-10 16:56:01.612 [http-nio-8080-exec-2] INFO  c.s.swl.face.aspect.WebLogAspect - 请求URI:/student/login
2021-04-10 16:56:01.613 [http-nio-8080-exec-2] INFO  c.s.swl.face.aspect.WebLogAspect - 请求URL:http://localhost:8080/student/login
2021-04-10 16:56:01.613 [http-nio-8080-exec-2] INFO  c.s.swl.face.aspect.WebLogAspect - 请求头的User-Agent:Mozilla/5.0 (Windows NT 10.0; Win64; x64) AppleWebKit/537.36 (KHTML, like Gecko) Chrome/86.0.4240.75 Safari/537.36
2021-04-10 16:56:01.613 [http-nio-8080-exec-2] INFO  c.s.swl.face.aspect.WebLogAspect - 请求地址：0:0:0:0:0:0:0:1
2021-04-10 16:56:01.613 [http-nio-8080-exec-2] INFO  c.s.swl.face.aspect.WebLogAspect - 连接点对象通过反射获得类名和方法名com.soft1851.swl.face.controller.StudentController.login
2021-04-10 16:56:01.613 [http-nio-8080-exec-2] INFO  c.s.swl.face.aspect.WebLogAspect - AOP拦截获得参数:[LoginDto(studentId=1001, password=1111111)]
2021-04-10 16:56:01.613 [http-nio-8080-exec-2] INFO  c.s.swl.face.aspect.WebLogAspect - 执行方法: 
2021-04-10 16:56:01.619 [http-nio-8080-exec-2] ERROR c.s.s.f.s.impl.StudentServiceImpl - 密码错误
2021-04-10 16:56:01.619 [http-nio-8080-exec-2] INFO  c.s.swl.face.aspect.WebLogAspect - 耗时：7
2021-04-10 16:56:01.619 [http-nio-8080-exec-2] INFO  c.s.swl.face.aspect.WebLogAspect - RESPONSE:ResponseResult(code=20002, msg=密码错误, data=null)
2021-04-10 16:56:12.904 [http-nio-8080-exec-7] INFO  c.s.swl.face.aspect.WebLogAspect - 请求URI:/student/login
2021-04-10 16:56:12.905 [http-nio-8080-exec-7] INFO  c.s.swl.face.aspect.WebLogAspect - 请求URL:http://localhost:8080/student/login
2021-04-10 16:56:12.905 [http-nio-8080-exec-7] INFO  c.s.swl.face.aspect.WebLogAspect - 请求头的User-Agent:Mozilla/5.0 (Windows NT 10.0; Win64; x64) AppleWebKit/537.36 (KHTML, like Gecko) Chrome/86.0.4240.75 Safari/537.36
2021-04-10 16:56:12.905 [http-nio-8080-exec-7] INFO  c.s.swl.face.aspect.WebLogAspect - 请求地址：0:0:0:0:0:0:0:1
2021-04-10 16:56:12.905 [http-nio-8080-exec-7] INFO  c.s.swl.face.aspect.WebLogAspect - 连接点对象通过反射获得类名和方法名com.soft1851.swl.face.controller.StudentController.login
2021-04-10 16:56:12.905 [http-nio-8080-exec-7] INFO  c.s.swl.face.aspect.WebLogAspect - AOP拦截获得参数:[LoginDto(studentId=1001, password=111111)]
2021-04-10 16:56:12.905 [http-nio-8080-exec-7] INFO  c.s.swl.face.aspect.WebLogAspect - 执行方法: 
2021-04-10 16:56:13.108 [http-nio-8080-exec-7] INFO  c.s.s.f.s.impl.StudentServiceImpl - kuzma登录成功，生成的token = eyJhbGciOiJIUzI1NiJ9.eyJuYW1lIjoia3V6bWEiLCJwYXNzd29yZCI6Ijk2RTc5MjE4OTY1RUI3MkM5MkE1NDlERDVBMzMwMTEyIiwiaWQiOiIxMDAxIiwiaWF0IjoxNjE4MDQ0OTcyLCJleHAiOjE2MTkyNTQ1NzJ9.eA68Y6ugANCwG1JUPdZb_VucDSnk-N6LYgVaja_rTcY,有效期到:Sat Apr 24 16:56:13 GMT+08:00 2021
2021-04-10 16:56:13.137 [http-nio-8080-exec-7] INFO  c.s.swl.face.aspect.WebLogAspect - 耗时：233
2021-04-10 16:56:13.138 [http-nio-8080-exec-7] INFO  c.s.swl.face.aspect.WebLogAspect - RESPONSE:ResponseResult(code=200, msg=成功, data=LoginResDto(studentDto=StudentDto(studentId=1001, studentName=kuzma, account=null, classroom=软件1851, phoneNumber=18805167526, avatar=111, gender=男), token=JwtTokenRespDto(token=eyJhbGciOiJIUzI1NiJ9.eyJuYW1lIjoia3V6bWEiLCJwYXNzd29yZCI6Ijk2RTc5MjE4OTY1RUI3MkM5MkE1NDlERDVBMzMwMTEyIiwiaWQiOiIxMDAxIiwiaWF0IjoxNjE4MDQ0OTcyLCJleHAiOjE2MTkyNTQ1NzJ9.eA68Y6ugANCwG1JUPdZb_VucDSnk-N6LYgVaja_rTcY, expirationTime=1619254573113)))
2021-04-10 16:56:29.959 [http-nio-8080-exec-10] INFO  c.s.swl.face.aspect.WebLogAspect - 请求URI:/student/layout
2021-04-10 16:56:29.960 [http-nio-8080-exec-10] INFO  c.s.swl.face.aspect.WebLogAspect - 请求URL:http://localhost:8080/student/layout
2021-04-10 16:56:29.960 [http-nio-8080-exec-10] INFO  c.s.swl.face.aspect.WebLogAspect - 请求头的User-Agent:Mozilla/5.0 (Windows NT 10.0; Win64; x64) AppleWebKit/537.36 (KHTML, like Gecko) Chrome/86.0.4240.75 Safari/537.36
2021-04-10 16:56:29.960 [http-nio-8080-exec-10] INFO  c.s.swl.face.aspect.WebLogAspect - 请求地址：0:0:0:0:0:0:0:1
2021-04-10 16:56:29.960 [http-nio-8080-exec-10] INFO  c.s.swl.face.aspect.WebLogAspect - 连接点对象通过反射获得类名和方法名com.soft1851.swl.face.controller.StudentController.login
2021-04-10 16:56:29.960 [http-nio-8080-exec-10] INFO  c.s.swl.face.aspect.WebLogAspect - AOP拦截获得参数:[1001]
2021-04-10 16:56:29.960 [http-nio-8080-exec-10] INFO  c.s.swl.face.aspect.WebLogAspect - 执行方法: 
2021-04-10 16:56:29.970 [http-nio-8080-exec-10] INFO  c.s.swl.face.aspect.WebLogAspect - 耗时：11
2021-04-10 16:56:29.970 [http-nio-8080-exec-10] INFO  c.s.swl.face.aspect.WebLogAspect - RESPONSE:ResponseResult(code=200, msg=成功, data=null)
2021-04-10 16:56:54.326 [Thread-5] INFO  o.s.s.c.ThreadPoolTaskExecutor - Shutting down ExecutorService 'applicationTaskExecutor'
2021-04-10 16:56:54.487 [Thread-5] INFO  com.zaxxer.hikari.HikariDataSource - HikariPool-1 - Shutdown initiated...
2021-04-10 16:56:54.491 [Thread-5] INFO  com.zaxxer.hikari.HikariDataSource - HikariPool-1 - Shutdown completed.
2021-04-10 16:56:55.470 [restartedMain] INFO  com.soft1851.swl.face.Application - Starting Application on LAPTOP-ONOA2219 with PID 13460 (C:\Users\HP\Desktop\毕业设计\项目\face-recognition-class-api\target\classes started by HP in C:\Users\HP\Desktop\毕业设计\项目\face-recognition-class-api)
2021-04-10 16:56:55.470 [restartedMain] INFO  com.soft1851.swl.face.Application - No active profile set, falling back to default profiles: default
2021-04-10 16:56:56.184 [restartedMain] INFO  o.s.d.r.c.RepositoryConfigurationDelegate - Multiple Spring Data modules found, entering strict repository configuration mode!
2021-04-10 16:56:56.184 [restartedMain] INFO  o.s.d.r.c.RepositoryConfigurationDelegate - Bootstrapping Spring Data Redis repositories in DEFAULT mode.
2021-04-10 16:56:56.213 [restartedMain] INFO  o.s.d.r.c.RepositoryConfigurationDelegate - Finished Spring Data repository scanning in 29ms. Found 0 Redis repository interfaces.
2021-04-10 16:56:56.298 [restartedMain] WARN  o.m.s.mapper.ClassPathMapperScanner - No MyBatis mapper was found in '[com.soft1851.swl.face]' package. Please check your configuration.
2021-04-10 16:56:56.549 [restartedMain] INFO  o.s.b.w.e.tomcat.TomcatWebServer - Tomcat initialized with port(s): 8080 (http)
2021-04-10 16:56:56.549 [restartedMain] INFO  o.a.coyote.http11.Http11NioProtocol - Initializing ProtocolHandler ["http-nio-8080"]
2021-04-10 16:56:56.549 [restartedMain] INFO  o.a.catalina.core.StandardService - Starting service [Tomcat]
2021-04-10 16:56:56.550 [restartedMain] INFO  o.a.catalina.core.StandardEngine - Starting Servlet engine: [Apache Tomcat/9.0.33]
2021-04-10 16:56:56.578 [restartedMain] INFO  o.a.c.c.C.[Tomcat].[localhost].[/] - Initializing Spring embedded WebApplicationContext
2021-04-10 16:56:56.579 [restartedMain] INFO  o.s.web.context.ContextLoader - Root WebApplicationContext: initialization completed in 1103 ms
2021-04-10 16:56:57.145 [restartedMain] INFO  s.d.s.w.PropertySourcedRequestMappingHandlerMapping - Mapped URL path [/v2/api-docs] onto method [springfox.documentation.swagger2.web.Swagger2Controller#getDocumentation(String, HttpServletRequest)]
2021-04-10 16:56:57.285 [restartedMain] INFO  o.s.s.c.ThreadPoolTaskExecutor - Initializing ExecutorService 'applicationTaskExecutor'
2021-04-10 16:56:57.325 [restartedMain] INFO  o.s.b.d.a.OptionalLiveReloadServer - LiveReload server is running on port 35729
2021-04-10 16:56:57.402 [restartedMain] INFO  t.m.m.a.MapperCacheDisabler - Clear tk.mybatis.mapper.util.MsUtil CLASS_CACHE cache.
2021-04-10 16:56:57.403 [restartedMain] INFO  t.m.m.a.MapperCacheDisabler - Clear tk.mybatis.mapper.genid.GenIdUtil CACHE cache.
2021-04-10 16:56:57.403 [restartedMain] INFO  t.m.m.a.MapperCacheDisabler - Clear tk.mybatis.mapper.version.VersionUtil CACHE cache.
2021-04-10 16:56:57.403 [restartedMain] INFO  t.m.m.a.MapperCacheDisabler - Clear EntityHelper entityTableMap cache.
2021-04-10 16:56:57.564 [restartedMain] WARN  o.s.b.a.f.FreeMarkerAutoConfiguration - Cannot find template location(s): [classpath:/templates/] (please add some templates, check your FreeMarker configuration, or set spring.freemarker.checkTemplateLocation=false)
2021-04-10 16:56:57.695 [restartedMain] INFO  s.d.s.w.p.DocumentationPluginsBootstrapper - Context refreshed
2021-04-10 16:56:57.696 [restartedMain] INFO  s.d.s.w.p.DocumentationPluginsBootstrapper - Found 1 custom documentation plugin(s)
2021-04-10 16:56:57.700 [restartedMain] INFO  s.d.s.w.s.ApiListingReferenceScanner - Scanning for api listing references
2021-04-10 16:56:57.713 [restartedMain] INFO  s.d.s.w.r.o.CachingOperationNameGenerator - Generating unique operation named: loginUsingPOST_1
2021-04-10 16:56:57.719 [restartedMain] INFO  o.a.coyote.http11.Http11NioProtocol - Starting ProtocolHandler ["http-nio-8080"]
2021-04-10 16:56:57.723 [restartedMain] INFO  o.s.b.w.e.tomcat.TomcatWebServer - Tomcat started on port(s): 8080 (http) with context path ''
2021-04-10 16:56:57.723 [restartedMain] INFO  com.soft1851.swl.face.Application - Started Application in 2.312 seconds (JVM running for 204.491)
2021-04-10 16:56:57.725 [restartedMain] INFO  o.s.b.d.a.ConditionEvaluationDeltaLoggingListener - Condition evaluation unchanged
2021-04-10 16:58:58.162 [Thread-9] INFO  o.s.s.c.ThreadPoolTaskExecutor - Shutting down ExecutorService 'applicationTaskExecutor'
2021-04-10 16:58:59.283 [restartedMain] INFO  com.soft1851.swl.face.Application - Starting Application on LAPTOP-ONOA2219 with PID 13460 (C:\Users\HP\Desktop\毕业设计\项目\face-recognition-class-api\target\classes started by HP in C:\Users\HP\Desktop\毕业设计\项目\face-recognition-class-api)
2021-04-10 16:58:59.284 [restartedMain] INFO  com.soft1851.swl.face.Application - No active profile set, falling back to default profiles: default
2021-04-10 16:58:59.787 [restartedMain] INFO  o.s.d.r.c.RepositoryConfigurationDelegate - Multiple Spring Data modules found, entering strict repository configuration mode!
2021-04-10 16:58:59.787 [restartedMain] INFO  o.s.d.r.c.RepositoryConfigurationDelegate - Bootstrapping Spring Data Redis repositories in DEFAULT mode.
2021-04-10 16:58:59.807 [restartedMain] INFO  o.s.d.r.c.RepositoryConfigurationDelegate - Finished Spring Data repository scanning in 19ms. Found 0 Redis repository interfaces.
2021-04-10 16:58:59.872 [restartedMain] WARN  o.m.s.mapper.ClassPathMapperScanner - No MyBatis mapper was found in '[com.soft1851.swl.face]' package. Please check your configuration.
2021-04-10 16:59:00.117 [restartedMain] INFO  o.s.b.w.e.tomcat.TomcatWebServer - Tomcat initialized with port(s): 8080 (http)
2021-04-10 16:59:00.118 [restartedMain] INFO  o.a.coyote.http11.Http11NioProtocol - Initializing ProtocolHandler ["http-nio-8080"]
2021-04-10 16:59:00.118 [restartedMain] INFO  o.a.catalina.core.StandardService - Starting service [Tomcat]
2021-04-10 16:59:00.118 [restartedMain] INFO  o.a.catalina.core.StandardEngine - Starting Servlet engine: [Apache Tomcat/9.0.33]
2021-04-10 16:59:00.190 [restartedMain] INFO  o.a.c.c.C.[Tomcat].[localhost].[/] - Initializing Spring embedded WebApplicationContext
2021-04-10 16:59:00.191 [restartedMain] INFO  o.s.web.context.ContextLoader - Root WebApplicationContext: initialization completed in 904 ms
2021-04-10 16:59:00.886 [restartedMain] INFO  s.d.s.w.PropertySourcedRequestMappingHandlerMapping - Mapped URL path [/v2/api-docs] onto method [springfox.documentation.swagger2.web.Swagger2Controller#getDocumentation(String, HttpServletRequest)]
2021-04-10 16:59:01.061 [restartedMain] INFO  o.s.s.c.ThreadPoolTaskExecutor - Initializing ExecutorService 'applicationTaskExecutor'
2021-04-10 16:59:01.110 [restartedMain] INFO  o.s.b.d.a.OptionalLiveReloadServer - LiveReload server is running on port 35729
2021-04-10 16:59:01.192 [restartedMain] INFO  t.m.m.a.MapperCacheDisabler - Clear tk.mybatis.mapper.util.MsUtil CLASS_CACHE cache.
2021-04-10 16:59:01.192 [restartedMain] INFO  t.m.m.a.MapperCacheDisabler - Clear tk.mybatis.mapper.genid.GenIdUtil CACHE cache.
2021-04-10 16:59:01.192 [restartedMain] INFO  t.m.m.a.MapperCacheDisabler - Clear tk.mybatis.mapper.version.VersionUtil CACHE cache.
2021-04-10 16:59:01.192 [restartedMain] INFO  t.m.m.a.MapperCacheDisabler - Clear EntityHelper entityTableMap cache.
2021-04-10 16:59:01.357 [restartedMain] WARN  o.s.b.a.f.FreeMarkerAutoConfiguration - Cannot find template location(s): [classpath:/templates/] (please add some templates, check your FreeMarker configuration, or set spring.freemarker.checkTemplateLocation=false)
2021-04-10 16:59:01.507 [restartedMain] INFO  s.d.s.w.p.DocumentationPluginsBootstrapper - Context refreshed
2021-04-10 16:59:01.508 [restartedMain] INFO  s.d.s.w.p.DocumentationPluginsBootstrapper - Found 1 custom documentation plugin(s)
2021-04-10 16:59:01.515 [restartedMain] INFO  s.d.s.w.s.ApiListingReferenceScanner - Scanning for api listing references
2021-04-10 16:59:01.533 [restartedMain] INFO  s.d.s.w.r.o.CachingOperationNameGenerator - Generating unique operation named: loginUsingPOST_1
2021-04-10 16:59:01.540 [restartedMain] INFO  o.a.coyote.http11.Http11NioProtocol - Starting ProtocolHandler ["http-nio-8080"]
2021-04-10 16:59:01.545 [restartedMain] INFO  o.s.b.w.e.tomcat.TomcatWebServer - Tomcat started on port(s): 8080 (http) with context path ''
2021-04-10 16:59:01.545 [restartedMain] INFO  com.soft1851.swl.face.Application - Started Application in 2.311 seconds (JVM running for 328.313)
2021-04-10 16:59:01.547 [restartedMain] INFO  o.s.b.d.a.ConditionEvaluationDeltaLoggingListener - Condition evaluation unchanged
2021-04-10 17:03:22.514 [Thread-14] INFO  o.s.s.c.ThreadPoolTaskExecutor - Shutting down ExecutorService 'applicationTaskExecutor'
2021-04-10 17:03:23.462 [restartedMain] INFO  com.soft1851.swl.face.Application - Starting Application on LAPTOP-ONOA2219 with PID 13460 (C:\Users\HP\Desktop\毕业设计\项目\face-recognition-class-api\target\classes started by HP in C:\Users\HP\Desktop\毕业设计\项目\face-recognition-class-api)
2021-04-10 17:03:23.463 [restartedMain] INFO  com.soft1851.swl.face.Application - No active profile set, falling back to default profiles: default
2021-04-10 17:03:23.931 [restartedMain] INFO  o.s.d.r.c.RepositoryConfigurationDelegate - Multiple Spring Data modules found, entering strict repository configuration mode!
2021-04-10 17:03:23.931 [restartedMain] INFO  o.s.d.r.c.RepositoryConfigurationDelegate - Bootstrapping Spring Data Redis repositories in DEFAULT mode.
2021-04-10 17:03:23.953 [restartedMain] INFO  o.s.d.r.c.RepositoryConfigurationDelegate - Finished Spring Data repository scanning in 21ms. Found 0 Redis repository interfaces.
2021-04-10 17:03:24.027 [restartedMain] WARN  o.m.s.mapper.ClassPathMapperScanner - No MyBatis mapper was found in '[com.soft1851.swl.face]' package. Please check your configuration.
2021-04-10 17:03:24.253 [restartedMain] INFO  o.s.b.w.e.tomcat.TomcatWebServer - Tomcat initialized with port(s): 8080 (http)
2021-04-10 17:03:24.254 [restartedMain] INFO  o.a.coyote.http11.Http11NioProtocol - Initializing ProtocolHandler ["http-nio-8080"]
2021-04-10 17:03:24.254 [restartedMain] INFO  o.a.catalina.core.StandardService - Starting service [Tomcat]
2021-04-10 17:03:24.254 [restartedMain] INFO  o.a.catalina.core.StandardEngine - Starting Servlet engine: [Apache Tomcat/9.0.33]
2021-04-10 17:03:24.277 [restartedMain] INFO  o.a.c.c.C.[Tomcat].[localhost].[/] - Initializing Spring embedded WebApplicationContext
2021-04-10 17:03:24.277 [restartedMain] INFO  o.s.web.context.ContextLoader - Root WebApplicationContext: initialization completed in 810 ms
2021-04-10 17:03:24.981 [restartedMain] INFO  s.d.s.w.PropertySourcedRequestMappingHandlerMapping - Mapped URL path [/v2/api-docs] onto method [springfox.documentation.swagger2.web.Swagger2Controller#getDocumentation(String, HttpServletRequest)]
2021-04-10 17:03:25.173 [restartedMain] INFO  o.s.s.c.ThreadPoolTaskExecutor - Initializing ExecutorService 'applicationTaskExecutor'
2021-04-10 17:03:25.227 [restartedMain] INFO  o.s.b.d.a.OptionalLiveReloadServer - LiveReload server is running on port 35729
2021-04-10 17:03:25.314 [restartedMain] INFO  t.m.m.a.MapperCacheDisabler - Clear tk.mybatis.mapper.util.MsUtil CLASS_CACHE cache.
2021-04-10 17:03:25.314 [restartedMain] INFO  t.m.m.a.MapperCacheDisabler - Clear tk.mybatis.mapper.genid.GenIdUtil CACHE cache.
2021-04-10 17:03:25.314 [restartedMain] INFO  t.m.m.a.MapperCacheDisabler - Clear tk.mybatis.mapper.version.VersionUtil CACHE cache.
2021-04-10 17:03:25.314 [restartedMain] INFO  t.m.m.a.MapperCacheDisabler - Clear EntityHelper entityTableMap cache.
2021-04-10 17:03:25.526 [restartedMain] WARN  o.s.b.a.f.FreeMarkerAutoConfiguration - Cannot find template location(s): [classpath:/templates/] (please add some templates, check your FreeMarker configuration, or set spring.freemarker.checkTemplateLocation=false)
2021-04-10 17:03:25.692 [restartedMain] INFO  s.d.s.w.p.DocumentationPluginsBootstrapper - Context refreshed
2021-04-10 17:03:25.693 [restartedMain] INFO  s.d.s.w.p.DocumentationPluginsBootstrapper - Found 1 custom documentation plugin(s)
2021-04-10 17:03:25.697 [restartedMain] INFO  s.d.s.w.s.ApiListingReferenceScanner - Scanning for api listing references
2021-04-10 17:03:25.712 [restartedMain] INFO  s.d.s.w.r.o.CachingOperationNameGenerator - Generating unique operation named: loginUsingPOST_1
2021-04-10 17:03:25.718 [restartedMain] INFO  o.a.coyote.http11.Http11NioProtocol - Starting ProtocolHandler ["http-nio-8080"]
2021-04-10 17:03:25.722 [restartedMain] INFO  o.s.b.w.e.tomcat.TomcatWebServer - Tomcat started on port(s): 8080 (http) with context path ''
2021-04-10 17:03:25.722 [restartedMain] INFO  com.soft1851.swl.face.Application - Started Application in 2.319 seconds (JVM running for 592.489)
2021-04-10 17:03:25.723 [restartedMain] INFO  o.s.b.d.a.ConditionEvaluationDeltaLoggingListener - Condition evaluation unchanged
2021-04-10 17:04:29.255 [Thread-19] INFO  o.s.s.c.ThreadPoolTaskExecutor - Shutting down ExecutorService 'applicationTaskExecutor'
2021-04-10 17:04:30.285 [restartedMain] INFO  com.soft1851.swl.face.Application - Starting Application on LAPTOP-ONOA2219 with PID 13460 (C:\Users\HP\Desktop\毕业设计\项目\face-recognition-class-api\target\classes started by HP in C:\Users\HP\Desktop\毕业设计\项目\face-recognition-class-api)
2021-04-10 17:04:30.286 [restartedMain] INFO  com.soft1851.swl.face.Application - No active profile set, falling back to default profiles: default
2021-04-10 17:04:30.816 [restartedMain] INFO  o.s.d.r.c.RepositoryConfigurationDelegate - Multiple Spring Data modules found, entering strict repository configuration mode!
2021-04-10 17:04:30.816 [restartedMain] INFO  o.s.d.r.c.RepositoryConfigurationDelegate - Bootstrapping Spring Data Redis repositories in DEFAULT mode.
2021-04-10 17:04:30.840 [restartedMain] INFO  o.s.d.r.c.RepositoryConfigurationDelegate - Finished Spring Data repository scanning in 23ms. Found 0 Redis repository interfaces.
2021-04-10 17:04:30.914 [restartedMain] WARN  o.m.s.mapper.ClassPathMapperScanner - No MyBatis mapper was found in '[com.soft1851.swl.face]' package. Please check your configuration.
2021-04-10 17:04:31.148 [restartedMain] INFO  o.s.b.w.e.tomcat.TomcatWebServer - Tomcat initialized with port(s): 8080 (http)
2021-04-10 17:04:31.148 [restartedMain] INFO  o.a.coyote.http11.Http11NioProtocol - Initializing ProtocolHandler ["http-nio-8080"]
2021-04-10 17:04:31.148 [restartedMain] INFO  o.a.catalina.core.StandardService - Starting service [Tomcat]
2021-04-10 17:04:31.148 [restartedMain] INFO  o.a.catalina.core.StandardEngine - Starting Servlet engine: [Apache Tomcat/9.0.33]
2021-04-10 17:04:31.221 [restartedMain] INFO  o.a.c.c.C.[Tomcat].[localhost].[/] - Initializing Spring embedded WebApplicationContext
2021-04-10 17:04:31.221 [restartedMain] INFO  o.s.web.context.ContextLoader - Root WebApplicationContext: initialization completed in 931 ms
2021-04-10 17:04:31.794 [restartedMain] INFO  s.d.s.w.PropertySourcedRequestMappingHandlerMapping - Mapped URL path [/v2/api-docs] onto method [springfox.documentation.swagger2.web.Swagger2Controller#getDocumentation(String, HttpServletRequest)]
2021-04-10 17:04:31.941 [restartedMain] INFO  o.s.s.c.ThreadPoolTaskExecutor - Initializing ExecutorService 'applicationTaskExecutor'
2021-04-10 17:04:31.989 [restartedMain] INFO  o.s.b.d.a.OptionalLiveReloadServer - LiveReload server is running on port 35729
2021-04-10 17:04:32.059 [restartedMain] INFO  t.m.m.a.MapperCacheDisabler - Clear tk.mybatis.mapper.util.MsUtil CLASS_CACHE cache.
2021-04-10 17:04:32.060 [restartedMain] INFO  t.m.m.a.MapperCacheDisabler - Clear tk.mybatis.mapper.genid.GenIdUtil CACHE cache.
2021-04-10 17:04:32.060 [restartedMain] INFO  t.m.m.a.MapperCacheDisabler - Clear tk.mybatis.mapper.version.VersionUtil CACHE cache.
2021-04-10 17:04:32.060 [restartedMain] INFO  t.m.m.a.MapperCacheDisabler - Clear EntityHelper entityTableMap cache.
2021-04-10 17:04:32.199 [restartedMain] WARN  o.s.b.a.f.FreeMarkerAutoConfiguration - Cannot find template location(s): [classpath:/templates/] (please add some templates, check your FreeMarker configuration, or set spring.freemarker.checkTemplateLocation=false)
2021-04-10 17:04:32.326 [restartedMain] INFO  s.d.s.w.p.DocumentationPluginsBootstrapper - Context refreshed
2021-04-10 17:04:32.327 [restartedMain] INFO  s.d.s.w.p.DocumentationPluginsBootstrapper - Found 1 custom documentation plugin(s)
2021-04-10 17:04:32.331 [restartedMain] INFO  s.d.s.w.s.ApiListingReferenceScanner - Scanning for api listing references
2021-04-10 17:04:32.344 [restartedMain] INFO  s.d.s.w.r.o.CachingOperationNameGenerator - Generating unique operation named: loginUsingPOST_1
2021-04-10 17:04:32.350 [restartedMain] INFO  o.a.coyote.http11.Http11NioProtocol - Starting ProtocolHandler ["http-nio-8080"]
2021-04-10 17:04:32.354 [restartedMain] INFO  o.s.b.w.e.tomcat.TomcatWebServer - Tomcat started on port(s): 8080 (http) with context path ''
2021-04-10 17:04:32.354 [restartedMain] INFO  com.soft1851.swl.face.Application - Started Application in 2.116 seconds (JVM running for 659.121)
2021-04-10 17:04:32.355 [restartedMain] INFO  o.s.b.d.a.ConditionEvaluationDeltaLoggingListener - Condition evaluation unchanged
2021-04-10 17:10:45.740 [Thread-24] INFO  o.s.s.c.ThreadPoolTaskExecutor - Shutting down ExecutorService 'applicationTaskExecutor'
2021-04-10 17:10:46.708 [restartedMain] INFO  com.soft1851.swl.face.Application - Starting Application on LAPTOP-ONOA2219 with PID 13460 (C:\Users\HP\Desktop\毕业设计\项目\face-recognition-class-api\target\classes started by HP in C:\Users\HP\Desktop\毕业设计\项目\face-recognition-class-api)
2021-04-10 17:10:46.708 [restartedMain] INFO  com.soft1851.swl.face.Application - No active profile set, falling back to default profiles: default
2021-04-10 17:10:46.976 [restartedMain] WARN  o.s.b.w.s.c.AnnotationConfigServletWebServerApplicationContext - Exception encountered during context initialization - cancelling refresh attempt: org.springframework.beans.factory.BeanDefinitionStoreException: Failed to parse configuration class [com.soft1851.swl.face.Application]; nested exception is java.io.FileNotFoundException: class path resource [com/soft1851/swl/face/service/impl/StudentServiceImpl.class] cannot be opened because it does not exist
2021-04-10 17:10:46.979 [restartedMain] INFO  o.s.b.a.l.ConditionEvaluationReportLoggingListener - 

Error starting ApplicationContext. To display the conditions report re-run your application with 'debug' enabled.
2021-04-10 17:10:47.069 [restartedMain] ERROR o.s.boot.SpringApplication - Application run failed
org.springframework.beans.factory.BeanDefinitionStoreException: Failed to parse configuration class [com.soft1851.swl.face.Application]; nested exception is java.io.FileNotFoundException: class path resource [com/soft1851/swl/face/service/impl/StudentServiceImpl.class] cannot be opened because it does not exist
	at org.springframework.context.annotation.ConfigurationClassParser.parse(ConfigurationClassParser.java:188)
	at org.springframework.context.annotation.ConfigurationClassPostProcessor.processConfigBeanDefinitions(ConfigurationClassPostProcessor.java:319)
	at org.springframework.context.annotation.ConfigurationClassPostProcessor.postProcessBeanDefinitionRegistry(ConfigurationClassPostProcessor.java:236)
	at org.springframework.context.support.PostProcessorRegistrationDelegate.invokeBeanDefinitionRegistryPostProcessors(PostProcessorRegistrationDelegate.java:275)
	at org.springframework.context.support.PostProcessorRegistrationDelegate.invokeBeanFactoryPostProcessors(PostProcessorRegistrationDelegate.java:95)
	at org.springframework.context.support.AbstractApplicationContext.invokeBeanFactoryPostProcessors(AbstractApplicationContext.java:706)
	at org.springframework.context.support.AbstractApplicationContext.refresh(AbstractApplicationContext.java:532)
	at org.springframework.boot.web.servlet.context.ServletWebServerApplicationContext.refresh(ServletWebServerApplicationContext.java:141)
	at org.springframework.boot.SpringApplication.refresh(SpringApplication.java:747)
	at org.springframework.boot.SpringApplication.refreshContext(SpringApplication.java:397)
	at org.springframework.boot.SpringApplication.run(SpringApplication.java:315)
	at org.springframework.boot.SpringApplication.run(SpringApplication.java:1226)
	at org.springframework.boot.SpringApplication.run(SpringApplication.java:1215)
	at com.soft1851.swl.face.Application.main(Application.java:20)
	at sun.reflect.NativeMethodAccessorImpl.invoke0(Native Method)
	at sun.reflect.NativeMethodAccessorImpl.invoke(NativeMethodAccessorImpl.java:62)
	at sun.reflect.DelegatingMethodAccessorImpl.invoke(DelegatingMethodAccessorImpl.java:43)
	at java.lang.reflect.Method.invoke(Method.java:497)
	at org.springframework.boot.devtools.restart.RestartLauncher.run(RestartLauncher.java:49)
Caused by: java.io.FileNotFoundException: class path resource [com/soft1851/swl/face/service/impl/StudentServiceImpl.class] cannot be opened because it does not exist
	at org.springframework.core.io.ClassPathResource.getInputStream(ClassPathResource.java:180)
	at org.springframework.core.type.classreading.SimpleMetadataReader.getClassReader(SimpleMetadataReader.java:56)
	at org.springframework.core.type.classreading.SimpleMetadataReader.<init>(SimpleMetadataReader.java:50)
	at org.springframework.core.type.classreading.SimpleMetadataReaderFactory.getMetadataReader(SimpleMetadataReaderFactory.java:103)
	at org.springframework.boot.type.classreading.ConcurrentReferenceCachingMetadataReaderFactory.createMetadataReader(ConcurrentReferenceCachingMetadataReaderFactory.java:86)
	at org.springframework.boot.type.classreading.ConcurrentReferenceCachingMetadataReaderFactory.getMetadataReader(ConcurrentReferenceCachingMetadataReaderFactory.java:73)
	at org.springframework.core.type.classreading.SimpleMetadataReaderFactory.getMetadataReader(SimpleMetadataReaderFactory.java:81)
	at org.springframework.context.annotation.ConfigurationClassParser.parse(ConfigurationClassParser.java:197)
	at org.springframework.context.annotation.ConfigurationClassParser.doProcessConfigurationClass(ConfigurationClassParser.java:303)
	at org.springframework.context.annotation.ConfigurationClassParser.processConfigurationClass(ConfigurationClassParser.java:249)
	at org.springframework.context.annotation.ConfigurationClassParser.parse(ConfigurationClassParser.java:206)
	at org.springframework.context.annotation.ConfigurationClassParser.parse(ConfigurationClassParser.java:174)
	... 18 common frames omitted
2021-04-10 17:10:50.736 [restartedMain] INFO  com.soft1851.swl.face.Application - Starting Application on LAPTOP-ONOA2219 with PID 13460 (C:\Users\HP\Desktop\毕业设计\项目\face-recognition-class-api\target\classes started by HP in C:\Users\HP\Desktop\毕业设计\项目\face-recognition-class-api)
2021-04-10 17:10:50.736 [restartedMain] INFO  com.soft1851.swl.face.Application - No active profile set, falling back to default profiles: default
2021-04-10 17:10:51.317 [restartedMain] INFO  o.s.d.r.c.RepositoryConfigurationDelegate - Multiple Spring Data modules found, entering strict repository configuration mode!
2021-04-10 17:10:51.318 [restartedMain] INFO  o.s.d.r.c.RepositoryConfigurationDelegate - Bootstrapping Spring Data Redis repositories in DEFAULT mode.
2021-04-10 17:10:51.346 [restartedMain] INFO  o.s.d.r.c.RepositoryConfigurationDelegate - Finished Spring Data repository scanning in 28ms. Found 0 Redis repository interfaces.
2021-04-10 17:10:51.432 [restartedMain] WARN  o.m.s.mapper.ClassPathMapperScanner - No MyBatis mapper was found in '[com.soft1851.swl.face]' package. Please check your configuration.
2021-04-10 17:10:51.670 [restartedMain] INFO  o.s.b.w.e.tomcat.TomcatWebServer - Tomcat initialized with port(s): 8080 (http)
2021-04-10 17:10:51.671 [restartedMain] INFO  o.a.coyote.http11.Http11NioProtocol - Initializing ProtocolHandler ["http-nio-8080"]
2021-04-10 17:10:51.671 [restartedMain] INFO  o.a.catalina.core.StandardService - Starting service [Tomcat]
2021-04-10 17:10:51.671 [restartedMain] INFO  o.a.catalina.core.StandardEngine - Starting Servlet engine: [Apache Tomcat/9.0.33]
2021-04-10 17:10:51.694 [restartedMain] INFO  o.a.c.c.C.[Tomcat].[localhost].[/] - Initializing Spring embedded WebApplicationContext
2021-04-10 17:10:51.694 [restartedMain] INFO  o.s.web.context.ContextLoader - Root WebApplicationContext: initialization completed in 952 ms
2021-04-10 17:10:52.257 [restartedMain] INFO  s.d.s.w.PropertySourcedRequestMappingHandlerMapping - Mapped URL path [/v2/api-docs] onto method [springfox.documentation.swagger2.web.Swagger2Controller#getDocumentation(String, HttpServletRequest)]
2021-04-10 17:10:52.458 [restartedMain] INFO  o.s.s.c.ThreadPoolTaskExecutor - Initializing ExecutorService 'applicationTaskExecutor'
2021-04-10 17:10:52.496 [restartedMain] INFO  o.s.b.d.a.OptionalLiveReloadServer - LiveReload server is running on port 35729
2021-04-10 17:10:52.571 [restartedMain] INFO  t.m.m.a.MapperCacheDisabler - Clear tk.mybatis.mapper.util.MsUtil CLASS_CACHE cache.
2021-04-10 17:10:52.572 [restartedMain] INFO  t.m.m.a.MapperCacheDisabler - Clear tk.mybatis.mapper.genid.GenIdUtil CACHE cache.
2021-04-10 17:10:52.572 [restartedMain] INFO  t.m.m.a.MapperCacheDisabler - Clear tk.mybatis.mapper.version.VersionUtil CACHE cache.
2021-04-10 17:10:52.572 [restartedMain] INFO  t.m.m.a.MapperCacheDisabler - Clear EntityHelper entityTableMap cache.
2021-04-10 17:10:52.718 [restartedMain] WARN  o.s.b.a.f.FreeMarkerAutoConfiguration - Cannot find template location(s): [classpath:/templates/] (please add some templates, check your FreeMarker configuration, or set spring.freemarker.checkTemplateLocation=false)
2021-04-10 17:10:52.856 [restartedMain] INFO  s.d.s.w.p.DocumentationPluginsBootstrapper - Context refreshed
2021-04-10 17:10:52.857 [restartedMain] INFO  s.d.s.w.p.DocumentationPluginsBootstrapper - Found 1 custom documentation plugin(s)
2021-04-10 17:10:52.861 [restartedMain] INFO  s.d.s.w.s.ApiListingReferenceScanner - Scanning for api listing references
2021-04-10 17:10:52.879 [restartedMain] INFO  s.d.s.w.r.o.CachingOperationNameGenerator - Generating unique operation named: loginUsingPOST_1
2021-04-10 17:10:52.885 [restartedMain] INFO  o.a.coyote.http11.Http11NioProtocol - Starting ProtocolHandler ["http-nio-8080"]
2021-04-10 17:10:52.889 [restartedMain] INFO  o.s.b.w.e.tomcat.TomcatWebServer - Tomcat started on port(s): 8080 (http) with context path ''
2021-04-10 17:10:52.890 [restartedMain] INFO  com.soft1851.swl.face.Application - Started Application in 2.224 seconds (JVM running for 1039.658)
2021-04-10 17:10:52.891 [restartedMain] INFO  o.s.b.d.a.ConditionEvaluationDeltaLoggingListener - Condition evaluation unchanged
2021-04-10 17:15:47.116 [Thread-29] INFO  o.s.s.c.ThreadPoolTaskExecutor - Shutting down ExecutorService 'applicationTaskExecutor'
2021-04-10 17:15:48.595 [restartedMain] INFO  com.soft1851.swl.face.Application - Starting Application on LAPTOP-ONOA2219 with PID 13460 (C:\Users\HP\Desktop\毕业设计\项目\face-recognition-class-api\target\classes started by HP in C:\Users\HP\Desktop\毕业设计\项目\face-recognition-class-api)
2021-04-10 17:15:48.595 [restartedMain] INFO  com.soft1851.swl.face.Application - No active profile set, falling back to default profiles: default
2021-04-10 17:15:49.085 [restartedMain] INFO  o.s.d.r.c.RepositoryConfigurationDelegate - Multiple Spring Data modules found, entering strict repository configuration mode!
2021-04-10 17:15:49.085 [restartedMain] INFO  o.s.d.r.c.RepositoryConfigurationDelegate - Bootstrapping Spring Data Redis repositories in DEFAULT mode.
2021-04-10 17:15:49.110 [restartedMain] INFO  o.s.d.r.c.RepositoryConfigurationDelegate - Finished Spring Data repository scanning in 24ms. Found 0 Redis repository interfaces.
2021-04-10 17:15:49.201 [restartedMain] WARN  o.m.s.mapper.ClassPathMapperScanner - No MyBatis mapper was found in '[com.soft1851.swl.face]' package. Please check your configuration.
2021-04-10 17:15:49.462 [restartedMain] INFO  o.s.b.w.e.tomcat.TomcatWebServer - Tomcat initialized with port(s): 8080 (http)
2021-04-10 17:15:49.463 [restartedMain] INFO  o.a.coyote.http11.Http11NioProtocol - Initializing ProtocolHandler ["http-nio-8080"]
2021-04-10 17:15:49.463 [restartedMain] INFO  o.a.catalina.core.StandardService - Starting service [Tomcat]
2021-04-10 17:15:49.463 [restartedMain] INFO  o.a.catalina.core.StandardEngine - Starting Servlet engine: [Apache Tomcat/9.0.33]
2021-04-10 17:15:49.486 [restartedMain] INFO  o.a.c.c.C.[Tomcat].[localhost].[/] - Initializing Spring embedded WebApplicationContext
2021-04-10 17:15:49.486 [restartedMain] INFO  o.s.web.context.ContextLoader - Root WebApplicationContext: initialization completed in 887 ms
2021-04-10 17:15:49.527 [restartedMain] WARN  o.s.b.w.s.c.AnnotationConfigServletWebServerApplicationContext - Exception encountered during context initialization - cancelling refresh attempt: org.springframework.beans.factory.UnsatisfiedDependencyException: Error creating bean with name 'studentController' defined in file [C:\Users\HP\Desktop\毕业设计\项目\face-recognition-class-api\target\classes\com\soft1851\swl\face\controller\StudentController.class]: Unsatisfied dependency expressed through constructor parameter 0; nested exception is org.springframework.beans.factory.NoSuchBeanDefinitionException: No qualifying bean of type 'com.soft1851.swl.face.service.StudentService' available: expected at least 1 bean which qualifies as autowire candidate. Dependency annotations: {}
2021-04-10 17:15:49.527 [restartedMain] INFO  o.a.catalina.core.StandardService - Stopping service [Tomcat]
2021-04-10 17:15:49.534 [restartedMain] INFO  o.s.b.a.l.ConditionEvaluationReportLoggingListener - 

Error starting ApplicationContext. To display the conditions report re-run your application with 'debug' enabled.
2021-04-10 17:15:49.857 [restartedMain] ERROR o.s.b.d.LoggingFailureAnalysisReporter - 

***************************
APPLICATION FAILED TO START
***************************

Description:

Parameter 0 of constructor in com.soft1851.swl.face.controller.StudentController required a bean of type 'com.soft1851.swl.face.service.StudentService' that could not be found.


Action:

Consider defining a bean of type 'com.soft1851.swl.face.service.StudentService' in your configuration.

2021-04-10 17:20:09.019 [restartedMain] INFO  com.soft1851.swl.face.Application - Starting Application on LAPTOP-ONOA2219 with PID 13460 (C:\Users\HP\Desktop\毕业设计\项目\face-recognition-class-api\target\classes started by HP in C:\Users\HP\Desktop\毕业设计\项目\face-recognition-class-api)
2021-04-10 17:20:09.020 [restartedMain] INFO  com.soft1851.swl.face.Application - No active profile set, falling back to default profiles: default
2021-04-10 17:20:09.908 [restartedMain] INFO  o.s.d.r.c.RepositoryConfigurationDelegate - Multiple Spring Data modules found, entering strict repository configuration mode!
2021-04-10 17:20:09.908 [restartedMain] INFO  o.s.d.r.c.RepositoryConfigurationDelegate - Bootstrapping Spring Data Redis repositories in DEFAULT mode.
2021-04-10 17:20:09.972 [restartedMain] INFO  o.s.d.r.c.RepositoryConfigurationDelegate - Finished Spring Data repository scanning in 63ms. Found 0 Redis repository interfaces.
2021-04-10 17:20:10.122 [restartedMain] WARN  o.m.s.mapper.ClassPathMapperScanner - No MyBatis mapper was found in '[com.soft1851.swl.face]' package. Please check your configuration.
2021-04-10 17:20:10.470 [restartedMain] INFO  o.s.b.w.e.tomcat.TomcatWebServer - Tomcat initialized with port(s): 8080 (http)
2021-04-10 17:20:10.471 [restartedMain] INFO  o.a.coyote.http11.Http11NioProtocol - Initializing ProtocolHandler ["http-nio-8080"]
2021-04-10 17:20:10.471 [restartedMain] INFO  o.a.catalina.core.StandardService - Starting service [Tomcat]
2021-04-10 17:20:10.472 [restartedMain] INFO  o.a.catalina.core.StandardEngine - Starting Servlet engine: [Apache Tomcat/9.0.33]
2021-04-10 17:20:10.501 [restartedMain] INFO  o.a.c.c.C.[Tomcat-1].[localhost].[/] - Initializing Spring embedded WebApplicationContext
2021-04-10 17:20:10.501 [restartedMain] INFO  o.s.web.context.ContextLoader - Root WebApplicationContext: initialization completed in 1477 ms
2021-04-10 17:20:10.553 [restartedMain] WARN  o.s.b.w.s.c.AnnotationConfigServletWebServerApplicationContext - Exception encountered during context initialization - cancelling refresh attempt: org.springframework.beans.factory.UnsatisfiedDependencyException: Error creating bean with name 'studentController' defined in file [C:\Users\HP\Desktop\毕业设计\项目\face-recognition-class-api\target\classes\com\soft1851\swl\face\controller\StudentController.class]: Unsatisfied dependency expressed through constructor parameter 0; nested exception is org.springframework.beans.factory.NoSuchBeanDefinitionException: No qualifying bean of type 'com.soft1851.swl.face.service.StudentService' available: expected at least 1 bean which qualifies as autowire candidate. Dependency annotations: {}
2021-04-10 17:20:10.553 [restartedMain] INFO  o.a.catalina.core.StandardService - Stopping service [Tomcat]
2021-04-10 17:20:10.561 [restartedMain] INFO  o.s.b.a.l.ConditionEvaluationReportLoggingListener - 

Error starting ApplicationContext. To display the conditions report re-run your application with 'debug' enabled.
2021-04-10 17:20:10.716 [restartedMain] ERROR o.s.b.d.LoggingFailureAnalysisReporter - 

***************************
APPLICATION FAILED TO START
***************************

Description:

Parameter 0 of constructor in com.soft1851.swl.face.controller.StudentController required a bean of type 'com.soft1851.swl.face.service.StudentService' that could not be found.


Action:

Consider defining a bean of type 'com.soft1851.swl.face.service.StudentService' in your configuration.

2021-04-10 17:20:12.359 [restartedMain] INFO  com.soft1851.swl.face.Application - Starting Application on LAPTOP-ONOA2219 with PID 13460 (C:\Users\HP\Desktop\毕业设计\项目\face-recognition-class-api\target\classes started by HP in C:\Users\HP\Desktop\毕业设计\项目\face-recognition-class-api)
2021-04-10 17:20:12.359 [restartedMain] INFO  com.soft1851.swl.face.Application - No active profile set, falling back to default profiles: default
2021-04-10 17:20:12.882 [restartedMain] INFO  o.s.d.r.c.RepositoryConfigurationDelegate - Multiple Spring Data modules found, entering strict repository configuration mode!
2021-04-10 17:20:12.882 [restartedMain] INFO  o.s.d.r.c.RepositoryConfigurationDelegate - Bootstrapping Spring Data Redis repositories in DEFAULT mode.
2021-04-10 17:20:12.907 [restartedMain] INFO  o.s.d.r.c.RepositoryConfigurationDelegate - Finished Spring Data repository scanning in 24ms. Found 0 Redis repository interfaces.
2021-04-10 17:20:12.970 [restartedMain] WARN  o.m.s.mapper.ClassPathMapperScanner - No MyBatis mapper was found in '[com.soft1851.swl.face]' package. Please check your configuration.
2021-04-10 17:20:13.176 [restartedMain] INFO  o.s.b.w.e.tomcat.TomcatWebServer - Tomcat initialized with port(s): 8080 (http)
2021-04-10 17:20:13.176 [restartedMain] INFO  o.a.coyote.http11.Http11NioProtocol - Initializing ProtocolHandler ["http-nio-8080"]
2021-04-10 17:20:13.176 [restartedMain] INFO  o.a.catalina.core.StandardService - Starting service [Tomcat]
2021-04-10 17:20:13.177 [restartedMain] INFO  o.a.catalina.core.StandardEngine - Starting Servlet engine: [Apache Tomcat/9.0.33]
2021-04-10 17:20:13.197 [restartedMain] INFO  o.a.c.c.C.[Tomcat-2].[localhost].[/] - Initializing Spring embedded WebApplicationContext
2021-04-10 17:20:13.197 [restartedMain] INFO  o.s.web.context.ContextLoader - Root WebApplicationContext: initialization completed in 833 ms
2021-04-10 17:20:14.020 [restartedMain] INFO  s.d.s.w.PropertySourcedRequestMappingHandlerMapping - Mapped URL path [/v2/api-docs] onto method [springfox.documentation.swagger2.web.Swagger2Controller#getDocumentation(String, HttpServletRequest)]
2021-04-10 17:20:14.166 [restartedMain] INFO  o.s.s.c.ThreadPoolTaskExecutor - Initializing ExecutorService 'applicationTaskExecutor'
2021-04-10 17:20:14.212 [restartedMain] INFO  o.s.b.d.a.OptionalLiveReloadServer - LiveReload server is running on port 35729
2021-04-10 17:20:14.289 [restartedMain] INFO  t.m.m.a.MapperCacheDisabler - Clear tk.mybatis.mapper.util.MsUtil CLASS_CACHE cache.
2021-04-10 17:20:14.289 [restartedMain] INFO  t.m.m.a.MapperCacheDisabler - Clear tk.mybatis.mapper.genid.GenIdUtil CACHE cache.
2021-04-10 17:20:14.289 [restartedMain] INFO  t.m.m.a.MapperCacheDisabler - Clear tk.mybatis.mapper.version.VersionUtil CACHE cache.
2021-04-10 17:20:14.289 [restartedMain] INFO  t.m.m.a.MapperCacheDisabler - Clear EntityHelper entityTableMap cache.
2021-04-10 17:20:14.454 [restartedMain] WARN  o.s.b.a.f.FreeMarkerAutoConfiguration - Cannot find template location(s): [classpath:/templates/] (please add some templates, check your FreeMarker configuration, or set spring.freemarker.checkTemplateLocation=false)
2021-04-10 17:20:14.605 [restartedMain] INFO  s.d.s.w.p.DocumentationPluginsBootstrapper - Context refreshed
2021-04-10 17:20:14.606 [restartedMain] INFO  s.d.s.w.p.DocumentationPluginsBootstrapper - Found 1 custom documentation plugin(s)
2021-04-10 17:20:14.610 [restartedMain] INFO  s.d.s.w.s.ApiListingReferenceScanner - Scanning for api listing references
2021-04-10 17:20:14.623 [restartedMain] INFO  s.d.s.w.r.o.CachingOperationNameGenerator - Generating unique operation named: loginUsingPOST_1
2021-04-10 17:20:14.630 [restartedMain] INFO  o.a.coyote.http11.Http11NioProtocol - Starting ProtocolHandler ["http-nio-8080"]
2021-04-10 17:20:14.634 [restartedMain] INFO  o.s.b.w.e.tomcat.TomcatWebServer - Tomcat started on port(s): 8080 (http) with context path ''
2021-04-10 17:20:14.635 [restartedMain] INFO  com.soft1851.swl.face.Application - Started Application in 2.352 seconds (JVM running for 1601.402)
2021-04-10 17:20:14.636 [restartedMain] INFO  o.s.b.d.a.ConditionEvaluationDeltaLoggingListener - Condition evaluation unchanged
2021-04-10 17:20:45.448 [Thread-36] INFO  o.s.s.c.ThreadPoolTaskExecutor - Shutting down ExecutorService 'applicationTaskExecutor'
2021-04-10 17:20:46.672 [restartedMain] INFO  com.soft1851.swl.face.Application - Starting Application on LAPTOP-ONOA2219 with PID 13460 (C:\Users\HP\Desktop\毕业设计\项目\face-recognition-class-api\target\classes started by HP in C:\Users\HP\Desktop\毕业设计\项目\face-recognition-class-api)
2021-04-10 17:20:46.673 [restartedMain] INFO  com.soft1851.swl.face.Application - No active profile set, falling back to default profiles: default
2021-04-10 17:20:47.237 [restartedMain] INFO  o.s.d.r.c.RepositoryConfigurationDelegate - Multiple Spring Data modules found, entering strict repository configuration mode!
2021-04-10 17:20:47.237 [restartedMain] INFO  o.s.d.r.c.RepositoryConfigurationDelegate - Bootstrapping Spring Data Redis repositories in DEFAULT mode.
2021-04-10 17:20:47.264 [restartedMain] INFO  o.s.d.r.c.RepositoryConfigurationDelegate - Finished Spring Data repository scanning in 27ms. Found 0 Redis repository interfaces.
2021-04-10 17:20:47.346 [restartedMain] WARN  o.m.s.mapper.ClassPathMapperScanner - No MyBatis mapper was found in '[com.soft1851.swl.face]' package. Please check your configuration.
2021-04-10 17:20:47.631 [restartedMain] INFO  o.s.b.w.e.tomcat.TomcatWebServer - Tomcat initialized with port(s): 8080 (http)
2021-04-10 17:20:47.631 [restartedMain] INFO  o.a.coyote.http11.Http11NioProtocol - Initializing ProtocolHandler ["http-nio-8080"]
2021-04-10 17:20:47.632 [restartedMain] INFO  o.a.catalina.core.StandardService - Starting service [Tomcat]
2021-04-10 17:20:47.632 [restartedMain] INFO  o.a.catalina.core.StandardEngine - Starting Servlet engine: [Apache Tomcat/9.0.33]
2021-04-10 17:20:47.662 [restartedMain] INFO  o.a.c.c.C.[Tomcat-2].[localhost].[/] - Initializing Spring embedded WebApplicationContext
2021-04-10 17:20:47.662 [restartedMain] INFO  o.s.web.context.ContextLoader - Root WebApplicationContext: initialization completed in 985 ms
2021-04-10 17:20:48.305 [restartedMain] INFO  s.d.s.w.PropertySourcedRequestMappingHandlerMapping - Mapped URL path [/v2/api-docs] onto method [springfox.documentation.swagger2.web.Swagger2Controller#getDocumentation(String, HttpServletRequest)]
2021-04-10 17:20:48.530 [restartedMain] INFO  o.s.s.c.ThreadPoolTaskExecutor - Initializing ExecutorService 'applicationTaskExecutor'
2021-04-10 17:20:48.569 [restartedMain] INFO  o.s.b.d.a.OptionalLiveReloadServer - LiveReload server is running on port 35729
2021-04-10 17:20:48.677 [restartedMain] INFO  t.m.m.a.MapperCacheDisabler - Clear tk.mybatis.mapper.util.MsUtil CLASS_CACHE cache.
2021-04-10 17:20:48.677 [restartedMain] INFO  t.m.m.a.MapperCacheDisabler - Clear tk.mybatis.mapper.genid.GenIdUtil CACHE cache.
2021-04-10 17:20:48.677 [restartedMain] INFO  t.m.m.a.MapperCacheDisabler - Clear tk.mybatis.mapper.version.VersionUtil CACHE cache.
2021-04-10 17:20:48.677 [restartedMain] INFO  t.m.m.a.MapperCacheDisabler - Clear EntityHelper entityTableMap cache.
2021-04-10 17:20:48.830 [restartedMain] WARN  o.s.b.a.f.FreeMarkerAutoConfiguration - Cannot find template location(s): [classpath:/templates/] (please add some templates, check your FreeMarker configuration, or set spring.freemarker.checkTemplateLocation=false)
2021-04-10 17:20:49.006 [restartedMain] INFO  s.d.s.w.p.DocumentationPluginsBootstrapper - Context refreshed
2021-04-10 17:20:49.007 [restartedMain] INFO  s.d.s.w.p.DocumentationPluginsBootstrapper - Found 1 custom documentation plugin(s)
2021-04-10 17:20:49.012 [restartedMain] INFO  s.d.s.w.s.ApiListingReferenceScanner - Scanning for api listing references
2021-04-10 17:20:49.026 [restartedMain] INFO  s.d.s.w.r.o.CachingOperationNameGenerator - Generating unique operation named: loginUsingPOST_1
2021-04-10 17:20:49.033 [restartedMain] INFO  o.a.coyote.http11.Http11NioProtocol - Starting ProtocolHandler ["http-nio-8080"]
2021-04-10 17:20:49.038 [restartedMain] INFO  o.s.b.w.e.tomcat.TomcatWebServer - Tomcat started on port(s): 8080 (http) with context path ''
2021-04-10 17:20:49.038 [restartedMain] INFO  com.soft1851.swl.face.Application - Started Application in 2.419 seconds (JVM running for 1635.806)
2021-04-10 17:20:49.040 [restartedMain] INFO  o.s.b.d.a.ConditionEvaluationDeltaLoggingListener - Condition evaluation unchanged
2021-04-10 17:24:01.393 [Thread-47] INFO  o.s.s.c.ThreadPoolTaskExecutor - Shutting down ExecutorService 'applicationTaskExecutor'
2021-04-10 17:24:02.628 [restartedMain] INFO  com.soft1851.swl.face.Application - Starting Application on LAPTOP-ONOA2219 with PID 13460 (C:\Users\HP\Desktop\毕业设计\项目\face-recognition-class-api\target\classes started by HP in C:\Users\HP\Desktop\毕业设计\项目\face-recognition-class-api)
2021-04-10 17:24:02.629 [restartedMain] INFO  com.soft1851.swl.face.Application - No active profile set, falling back to default profiles: default
2021-04-10 17:24:03.182 [restartedMain] INFO  o.s.d.r.c.RepositoryConfigurationDelegate - Multiple Spring Data modules found, entering strict repository configuration mode!
2021-04-10 17:24:03.182 [restartedMain] INFO  o.s.d.r.c.RepositoryConfigurationDelegate - Bootstrapping Spring Data Redis repositories in DEFAULT mode.
2021-04-10 17:24:03.206 [restartedMain] INFO  o.s.d.r.c.RepositoryConfigurationDelegate - Finished Spring Data repository scanning in 23ms. Found 0 Redis repository interfaces.
2021-04-10 17:24:03.277 [restartedMain] WARN  o.m.s.mapper.ClassPathMapperScanner - No MyBatis mapper was found in '[com.soft1851.swl.face]' package. Please check your configuration.
2021-04-10 17:24:03.509 [restartedMain] INFO  o.s.b.w.e.tomcat.TomcatWebServer - Tomcat initialized with port(s): 8080 (http)
2021-04-10 17:24:03.509 [restartedMain] INFO  o.a.coyote.http11.Http11NioProtocol - Initializing ProtocolHandler ["http-nio-8080"]
2021-04-10 17:24:03.509 [restartedMain] INFO  o.a.catalina.core.StandardService - Starting service [Tomcat]
2021-04-10 17:24:03.510 [restartedMain] INFO  o.a.catalina.core.StandardEngine - Starting Servlet engine: [Apache Tomcat/9.0.33]
2021-04-10 17:24:03.532 [restartedMain] INFO  o.a.c.c.C.[Tomcat-2].[localhost].[/] - Initializing Spring embedded WebApplicationContext
2021-04-10 17:24:03.533 [restartedMain] INFO  o.s.web.context.ContextLoader - Root WebApplicationContext: initialization completed in 900 ms
2021-04-10 17:24:03.583 [restartedMain] WARN  o.s.b.w.s.c.AnnotationConfigServletWebServerApplicationContext - Exception encountered during context initialization - cancelling refresh attempt: org.springframework.beans.factory.UnsatisfiedDependencyException: Error creating bean with name 'studentController' defined in file [C:\Users\HP\Desktop\毕业设计\项目\face-recognition-class-api\target\classes\com\soft1851\swl\face\controller\StudentController.class]: Unsatisfied dependency expressed through constructor parameter 0; nested exception is org.springframework.beans.factory.NoSuchBeanDefinitionException: No qualifying bean of type 'com.soft1851.swl.face.service.StudentService' available: expected at least 1 bean which qualifies as autowire candidate. Dependency annotations: {}
2021-04-10 17:24:03.583 [restartedMain] INFO  o.a.catalina.core.StandardService - Stopping service [Tomcat]
2021-04-10 17:24:03.588 [restartedMain] INFO  o.s.b.a.l.ConditionEvaluationReportLoggingListener - 

Error starting ApplicationContext. To display the conditions report re-run your application with 'debug' enabled.
2021-04-10 17:24:03.691 [restartedMain] ERROR o.s.b.d.LoggingFailureAnalysisReporter - 

***************************
APPLICATION FAILED TO START
***************************

Description:

Parameter 0 of constructor in com.soft1851.swl.face.controller.StudentController required a bean of type 'com.soft1851.swl.face.service.StudentService' that could not be found.


Action:

Consider defining a bean of type 'com.soft1851.swl.face.service.StudentService' in your configuration.

2021-04-10 17:24:07.307 [restartedMain] INFO  com.soft1851.swl.face.Application - Starting Application on LAPTOP-ONOA2219 with PID 13460 (C:\Users\HP\Desktop\毕业设计\项目\face-recognition-class-api\target\classes started by HP in C:\Users\HP\Desktop\毕业设计\项目\face-recognition-class-api)
2021-04-10 17:24:07.308 [restartedMain] INFO  com.soft1851.swl.face.Application - No active profile set, falling back to default profiles: default
2021-04-10 17:24:07.768 [restartedMain] INFO  o.s.d.r.c.RepositoryConfigurationDelegate - Multiple Spring Data modules found, entering strict repository configuration mode!
2021-04-10 17:24:07.768 [restartedMain] INFO  o.s.d.r.c.RepositoryConfigurationDelegate - Bootstrapping Spring Data Redis repositories in DEFAULT mode.
2021-04-10 17:24:07.791 [restartedMain] INFO  o.s.d.r.c.RepositoryConfigurationDelegate - Finished Spring Data repository scanning in 23ms. Found 0 Redis repository interfaces.
2021-04-10 17:24:07.847 [restartedMain] WARN  o.m.s.mapper.ClassPathMapperScanner - No MyBatis mapper was found in '[com.soft1851.swl.face]' package. Please check your configuration.
2021-04-10 17:24:08.036 [restartedMain] INFO  o.s.b.w.e.tomcat.TomcatWebServer - Tomcat initialized with port(s): 8080 (http)
2021-04-10 17:24:08.037 [restartedMain] INFO  o.a.coyote.http11.Http11NioProtocol - Initializing ProtocolHandler ["http-nio-8080"]
2021-04-10 17:24:08.037 [restartedMain] INFO  o.a.catalina.core.StandardService - Starting service [Tomcat]
2021-04-10 17:24:08.037 [restartedMain] INFO  o.a.catalina.core.StandardEngine - Starting Servlet engine: [Apache Tomcat/9.0.33]
2021-04-10 17:24:08.061 [restartedMain] INFO  o.a.c.c.C.[Tomcat-3].[localhost].[/] - Initializing Spring embedded WebApplicationContext
2021-04-10 17:24:08.061 [restartedMain] INFO  o.s.web.context.ContextLoader - Root WebApplicationContext: initialization completed in 744 ms
2021-04-10 17:24:08.097 [restartedMain] WARN  o.s.b.w.s.c.AnnotationConfigServletWebServerApplicationContext - Exception encountered during context initialization - cancelling refresh attempt: org.springframework.beans.factory.UnsatisfiedDependencyException: Error creating bean with name 'studentController' defined in file [C:\Users\HP\Desktop\毕业设计\项目\face-recognition-class-api\target\classes\com\soft1851\swl\face\controller\StudentController.class]: Unsatisfied dependency expressed through constructor parameter 0; nested exception is org.springframework.beans.factory.NoSuchBeanDefinitionException: No qualifying bean of type 'com.soft1851.swl.face.service.StudentService' available: expected at least 1 bean which qualifies as autowire candidate. Dependency annotations: {}
2021-04-10 17:24:08.097 [restartedMain] INFO  o.a.catalina.core.StandardService - Stopping service [Tomcat]
2021-04-10 17:24:08.102 [restartedMain] INFO  o.s.b.a.l.ConditionEvaluationReportLoggingListener - 

Error starting ApplicationContext. To display the conditions report re-run your application with 'debug' enabled.
2021-04-10 17:24:08.201 [restartedMain] ERROR o.s.b.d.LoggingFailureAnalysisReporter - 

***************************
APPLICATION FAILED TO START
***************************

Description:

Parameter 0 of constructor in com.soft1851.swl.face.controller.StudentController required a bean of type 'com.soft1851.swl.face.service.StudentService' that could not be found.


Action:

Consider defining a bean of type 'com.soft1851.swl.face.service.StudentService' in your configuration.

2021-04-10 17:29:16.248 [restartedMain] INFO  com.soft1851.swl.face.Application - Starting Application on LAPTOP-ONOA2219 with PID 13460 (C:\Users\HP\Desktop\毕业设计\项目\face-recognition-class-api\target\classes started by HP in C:\Users\HP\Desktop\毕业设计\项目\face-recognition-class-api)
2021-04-10 17:29:16.248 [restartedMain] INFO  com.soft1851.swl.face.Application - No active profile set, falling back to default profiles: default
2021-04-10 17:29:16.669 [restartedMain] INFO  o.s.d.r.c.RepositoryConfigurationDelegate - Multiple Spring Data modules found, entering strict repository configuration mode!
2021-04-10 17:29:16.670 [restartedMain] INFO  o.s.d.r.c.RepositoryConfigurationDelegate - Bootstrapping Spring Data Redis repositories in DEFAULT mode.
2021-04-10 17:29:16.688 [restartedMain] INFO  o.s.d.r.c.RepositoryConfigurationDelegate - Finished Spring Data repository scanning in 18ms. Found 0 Redis repository interfaces.
2021-04-10 17:29:16.748 [restartedMain] WARN  o.m.s.mapper.ClassPathMapperScanner - No MyBatis mapper was found in '[com.soft1851.swl.face]' package. Please check your configuration.
2021-04-10 17:29:16.952 [restartedMain] INFO  o.s.b.w.e.tomcat.TomcatWebServer - Tomcat initialized with port(s): 8080 (http)
2021-04-10 17:29:16.952 [restartedMain] INFO  o.a.coyote.http11.Http11NioProtocol - Initializing ProtocolHandler ["http-nio-8080"]
2021-04-10 17:29:16.952 [restartedMain] INFO  o.a.catalina.core.StandardService - Starting service [Tomcat]
2021-04-10 17:29:16.953 [restartedMain] INFO  o.a.catalina.core.StandardEngine - Starting Servlet engine: [Apache Tomcat/9.0.33]
2021-04-10 17:29:16.974 [restartedMain] INFO  o.a.c.c.C.[Tomcat-4].[localhost].[/] - Initializing Spring embedded WebApplicationContext
2021-04-10 17:29:16.974 [restartedMain] INFO  o.s.web.context.ContextLoader - Root WebApplicationContext: initialization completed in 722 ms
2021-04-10 17:29:17.376 [restartedMain] INFO  s.d.s.w.PropertySourcedRequestMappingHandlerMapping - Mapped URL path [/v2/api-docs] onto method [springfox.documentation.swagger2.web.Swagger2Controller#getDocumentation(String, HttpServletRequest)]
2021-04-10 17:29:17.720 [restartedMain] INFO  o.s.s.c.ThreadPoolTaskExecutor - Initializing ExecutorService 'applicationTaskExecutor'
2021-04-10 17:29:17.771 [restartedMain] INFO  o.s.b.d.a.OptionalLiveReloadServer - LiveReload server is running on port 35729
2021-04-10 17:29:17.863 [restartedMain] INFO  t.m.m.a.MapperCacheDisabler - Clear tk.mybatis.mapper.util.MsUtil CLASS_CACHE cache.
2021-04-10 17:29:17.863 [restartedMain] INFO  t.m.m.a.MapperCacheDisabler - Clear tk.mybatis.mapper.genid.GenIdUtil CACHE cache.
2021-04-10 17:29:17.863 [restartedMain] INFO  t.m.m.a.MapperCacheDisabler - Clear tk.mybatis.mapper.version.VersionUtil CACHE cache.
2021-04-10 17:29:17.863 [restartedMain] INFO  t.m.m.a.MapperCacheDisabler - Clear EntityHelper entityTableMap cache.
2021-04-10 17:29:18.036 [restartedMain] WARN  o.s.b.a.f.FreeMarkerAutoConfiguration - Cannot find template location(s): [classpath:/templates/] (please add some templates, check your FreeMarker configuration, or set spring.freemarker.checkTemplateLocation=false)
2021-04-10 17:29:18.170 [restartedMain] INFO  s.d.s.w.p.DocumentationPluginsBootstrapper - Context refreshed
2021-04-10 17:29:18.170 [restartedMain] INFO  s.d.s.w.p.DocumentationPluginsBootstrapper - Found 1 custom documentation plugin(s)
2021-04-10 17:29:18.175 [restartedMain] INFO  s.d.s.w.s.ApiListingReferenceScanner - Scanning for api listing references
2021-04-10 17:29:18.179 [restartedMain] INFO  o.a.coyote.http11.Http11NioProtocol - Starting ProtocolHandler ["http-nio-8080"]
2021-04-10 17:29:18.184 [restartedMain] INFO  o.s.b.w.e.tomcat.TomcatWebServer - Tomcat started on port(s): 8080 (http) with context path ''
2021-04-10 17:29:18.184 [restartedMain] INFO  com.soft1851.swl.face.Application - Started Application in 1.981 seconds (JVM running for 2144.952)
2021-04-10 17:29:18.186 [restartedMain] INFO  o.s.b.d.a.ConditionEvaluationDeltaLoggingListener - Condition evaluation unchanged
